[2019-05-23 00:08:19] local.ERROR: SQLSTATE[42S02]: Base table or view not found: 1146 Table 'jse.asset_1' doesn't exist (SQL: select * from `asset_1` where `sma1` is not null order by `time_stamp` asc) {"exception":"[object] (Illuminate\\Database\\QueryException(code: 42S02): SQLSTATE[42S02]: Base table or view not found: 1146 Table 'jse.asset_1' doesn't exist (SQL: select * from `asset_1` where `sma1` is not null order by `time_stamp` asc) at W:\\domains\\jse.kk\\vendor\\laravel\\framework\\src\\Illuminate\\Database\\Connection.php:664, PDOException(code: 42S02): SQLSTATE[42S02]: Base table or view not found: 1146 Table 'jse.asset_1' doesn't exist at W:\\domains\\jse.kk\\vendor\\laravel\\framework\\src\\Illuminate\\Database\\Connection.php:326)
[stacktrace]
#0 W:\\domains\\jse.kk\\vendor\\laravel\\framework\\src\\Illuminate\\Database\\Connection.php(624): Illuminate\\Database\\Connection->runQueryCallback('select * from `...', Array, Object(Closure))
#1 W:\\domains\\jse.kk\\vendor\\laravel\\framework\\src\\Illuminate\\Database\\Connection.php(333): Illuminate\\Database\\Connection->run('select * from `...', Array, Object(Closure))
#2 W:\\domains\\jse.kk\\vendor\\laravel\\framework\\src\\Illuminate\\Database\\Query\\Builder.php(2120): Illuminate\\Database\\Connection->select('select * from `...', Array, true)
#3 W:\\domains\\jse.kk\\vendor\\laravel\\framework\\src\\Illuminate\\Database\\Query\\Builder.php(2108): Illuminate\\Database\\Query\\Builder->runSelect()
#4 W:\\domains\\jse.kk\\vendor\\laravel\\framework\\src\\Illuminate\\Database\\Query\\Builder.php(2594): Illuminate\\Database\\Query\\Builder->Illuminate\\Database\\Query\\{closure}()
#5 W:\\domains\\jse.kk\\vendor\\laravel\\framework\\src\\Illuminate\\Database\\Query\\Builder.php(2109): Illuminate\\Database\\Query\\Builder->onceWithColumns(Array, Object(Closure))
#6 W:\\domains\\jse.kk\\app\\Classes\\Indicators\\Ema.php(33): Illuminate\\Database\\Query\\Builder->get()
#7 W:\\domains\\jse.kk\\app\\Classes\\Indicators\\Macd.php(26): App\\Classes\\Indicators\\Ema::calculate('close', 2, 'sma1', 'ema1')
#8 W:\\domains\\jse.kk\\app\\Console\\Commands\\Mc.php(82): App\\Classes\\Indicators\\Macd::calculate(Array, Array, true)
#9 [internal function]: App\\Console\\Commands\\Mc->handle()
#10 W:\\domains\\jse.kk\\vendor\\laravel\\framework\\src\\Illuminate\\Container\\BoundMethod.php(32): call_user_func_array(Array, Array)
#11 W:\\domains\\jse.kk\\vendor\\laravel\\framework\\src\\Illuminate\\Container\\BoundMethod.php(90): Illuminate\\Container\\BoundMethod::Illuminate\\Container\\{closure}()
#12 W:\\domains\\jse.kk\\vendor\\laravel\\framework\\src\\Illuminate\\Container\\BoundMethod.php(34): Illuminate\\Container\\BoundMethod::callBoundMethod(Object(Illuminate\\Foundation\\Application), Array, Object(Closure))
#13 W:\\domains\\jse.kk\\vendor\\laravel\\framework\\src\\Illuminate\\Container\\Container.php(580): Illuminate\\Container\\BoundMethod::call(Object(Illuminate\\Foundation\\Application), Array, Array, NULL)
#14 W:\\domains\\jse.kk\\vendor\\laravel\\framework\\src\\Illuminate\\Console\\Command.php(183): Illuminate\\Container\\Container->call(Array)
#15 W:\\domains\\jse.kk\\vendor\\symfony\\console\\Command\\Command.php(255): Illuminate\\Console\\Command->execute(Object(Symfony\\Component\\Console\\Input\\ArgvInput), Object(Illuminate\\Console\\OutputStyle))
#16 W:\\domains\\jse.kk\\vendor\\laravel\\framework\\src\\Illuminate\\Console\\Command.php(170): Symfony\\Component\\Console\\Command\\Command->run(Object(Symfony\\Component\\Console\\Input\\ArgvInput), Object(Illuminate\\Console\\OutputStyle))
#17 W:\\domains\\jse.kk\\vendor\\symfony\\console\\Application.php(908): Illuminate\\Console\\Command->run(Object(Symfony\\Component\\Console\\Input\\ArgvInput), Object(Symfony\\Component\\Console\\Output\\ConsoleOutput))
#18 W:\\domains\\jse.kk\\vendor\\symfony\\console\\Application.php(269): Symfony\\Component\\Console\\Application->doRunCommand(Object(App\\Console\\Commands\\Mc), Object(Symfony\\Component\\Console\\Input\\ArgvInput), Object(Symfony\\Component\\Console\\Output\\ConsoleOutput))
#19 W:\\domains\\jse.kk\\vendor\\symfony\\console\\Application.php(145): Symfony\\Component\\Console\\Application->doRun(Object(Symfony\\Component\\Console\\Input\\ArgvInput), Object(Symfony\\Component\\Console\\Output\\ConsoleOutput))
#20 W:\\domains\\jse.kk\\vendor\\laravel\\framework\\src\\Illuminate\\Console\\Application.php(90): Symfony\\Component\\Console\\Application->run(Object(Symfony\\Component\\Console\\Input\\ArgvInput), Object(Symfony\\Component\\Console\\Output\\ConsoleOutput))
#21 W:\\domains\\jse.kk\\vendor\\laravel\\framework\\src\\Illuminate\\Foundation\\Console\\Kernel.php(122): Illuminate\\Console\\Application->run(Object(Symfony\\Component\\Console\\Input\\ArgvInput), Object(Symfony\\Component\\Console\\Output\\ConsoleOutput))
#22 W:\\domains\\jse.kk\\artisan(37): Illuminate\\Foundation\\Console\\Kernel->handle(Object(Symfony\\Component\\Console\\Input\\ArgvInput), Object(Symfony\\Component\\Console\\Output\\ConsoleOutput))
#23 {main}
"} 
[2019-05-23 00:09:06] local.ERROR: SQLSTATE[42S02]: Base table or view not found: 1146 Table 'jse.asset_1' doesn't exist (SQL: select * from `asset_1` where `sma1` is not null order by `time_stamp` asc) {"exception":"[object] (Illuminate\\Database\\QueryException(code: 42S02): SQLSTATE[42S02]: Base table or view not found: 1146 Table 'jse.asset_1' doesn't exist (SQL: select * from `asset_1` where `sma1` is not null order by `time_stamp` asc) at W:\\domains\\jse.kk\\vendor\\laravel\\framework\\src\\Illuminate\\Database\\Connection.php:664, PDOException(code: 42S02): SQLSTATE[42S02]: Base table or view not found: 1146 Table 'jse.asset_1' doesn't exist at W:\\domains\\jse.kk\\vendor\\laravel\\framework\\src\\Illuminate\\Database\\Connection.php:326)
[stacktrace]
#0 W:\\domains\\jse.kk\\vendor\\laravel\\framework\\src\\Illuminate\\Database\\Connection.php(624): Illuminate\\Database\\Connection->runQueryCallback('select * from `...', Array, Object(Closure))
#1 W:\\domains\\jse.kk\\vendor\\laravel\\framework\\src\\Illuminate\\Database\\Connection.php(333): Illuminate\\Database\\Connection->run('select * from `...', Array, Object(Closure))
#2 W:\\domains\\jse.kk\\vendor\\laravel\\framework\\src\\Illuminate\\Database\\Query\\Builder.php(2120): Illuminate\\Database\\Connection->select('select * from `...', Array, true)
#3 W:\\domains\\jse.kk\\vendor\\laravel\\framework\\src\\Illuminate\\Database\\Query\\Builder.php(2108): Illuminate\\Database\\Query\\Builder->runSelect()
#4 W:\\domains\\jse.kk\\vendor\\laravel\\framework\\src\\Illuminate\\Database\\Query\\Builder.php(2594): Illuminate\\Database\\Query\\Builder->Illuminate\\Database\\Query\\{closure}()
#5 W:\\domains\\jse.kk\\vendor\\laravel\\framework\\src\\Illuminate\\Database\\Query\\Builder.php(2109): Illuminate\\Database\\Query\\Builder->onceWithColumns(Array, Object(Closure))
#6 W:\\domains\\jse.kk\\app\\Classes\\Indicators\\Ema.php(33): Illuminate\\Database\\Query\\Builder->get()
#7 W:\\domains\\jse.kk\\app\\Classes\\Indicators\\Macd.php(26): App\\Classes\\Indicators\\Ema::calculate('close', 2, 'sma1', 'ema1')
#8 W:\\domains\\jse.kk\\app\\Console\\Commands\\Mc.php(82): App\\Classes\\Indicators\\Macd::calculate(Array, Array, true)
#9 [internal function]: App\\Console\\Commands\\Mc->handle()
#10 W:\\domains\\jse.kk\\vendor\\laravel\\framework\\src\\Illuminate\\Container\\BoundMethod.php(32): call_user_func_array(Array, Array)
#11 W:\\domains\\jse.kk\\vendor\\laravel\\framework\\src\\Illuminate\\Container\\BoundMethod.php(90): Illuminate\\Container\\BoundMethod::Illuminate\\Container\\{closure}()
#12 W:\\domains\\jse.kk\\vendor\\laravel\\framework\\src\\Illuminate\\Container\\BoundMethod.php(34): Illuminate\\Container\\BoundMethod::callBoundMethod(Object(Illuminate\\Foundation\\Application), Array, Object(Closure))
#13 W:\\domains\\jse.kk\\vendor\\laravel\\framework\\src\\Illuminate\\Container\\Container.php(580): Illuminate\\Container\\BoundMethod::call(Object(Illuminate\\Foundation\\Application), Array, Array, NULL)
#14 W:\\domains\\jse.kk\\vendor\\laravel\\framework\\src\\Illuminate\\Console\\Command.php(183): Illuminate\\Container\\Container->call(Array)
#15 W:\\domains\\jse.kk\\vendor\\symfony\\console\\Command\\Command.php(255): Illuminate\\Console\\Command->execute(Object(Symfony\\Component\\Console\\Input\\ArgvInput), Object(Illuminate\\Console\\OutputStyle))
#16 W:\\domains\\jse.kk\\vendor\\laravel\\framework\\src\\Illuminate\\Console\\Command.php(170): Symfony\\Component\\Console\\Command\\Command->run(Object(Symfony\\Component\\Console\\Input\\ArgvInput), Object(Illuminate\\Console\\OutputStyle))
#17 W:\\domains\\jse.kk\\vendor\\symfony\\console\\Application.php(908): Illuminate\\Console\\Command->run(Object(Symfony\\Component\\Console\\Input\\ArgvInput), Object(Symfony\\Component\\Console\\Output\\ConsoleOutput))
#18 W:\\domains\\jse.kk\\vendor\\symfony\\console\\Application.php(269): Symfony\\Component\\Console\\Application->doRunCommand(Object(App\\Console\\Commands\\Mc), Object(Symfony\\Component\\Console\\Input\\ArgvInput), Object(Symfony\\Component\\Console\\Output\\ConsoleOutput))
#19 W:\\domains\\jse.kk\\vendor\\symfony\\console\\Application.php(145): Symfony\\Component\\Console\\Application->doRun(Object(Symfony\\Component\\Console\\Input\\ArgvInput), Object(Symfony\\Component\\Console\\Output\\ConsoleOutput))
#20 W:\\domains\\jse.kk\\vendor\\laravel\\framework\\src\\Illuminate\\Console\\Application.php(90): Symfony\\Component\\Console\\Application->run(Object(Symfony\\Component\\Console\\Input\\ArgvInput), Object(Symfony\\Component\\Console\\Output\\ConsoleOutput))
#21 W:\\domains\\jse.kk\\vendor\\laravel\\framework\\src\\Illuminate\\Foundation\\Console\\Kernel.php(122): Illuminate\\Console\\Application->run(Object(Symfony\\Component\\Console\\Input\\ArgvInput), Object(Symfony\\Component\\Console\\Output\\ConsoleOutput))
#22 W:\\domains\\jse.kk\\artisan(37): Illuminate\\Foundation\\Console\\Kernel->handle(Object(Symfony\\Component\\Console\\Input\\ArgvInput), Object(Symfony\\Component\\Console\\Output\\ConsoleOutput))
#23 {main}
"} 
[2019-05-23 00:09:51] local.ERROR: SQLSTATE[42S02]: Base table or view not found: 1146 Table 'jse.asset_1' doesn't exist (SQL: select * from `asset_1` where `sma1` is not null order by `time_stamp` asc) {"exception":"[object] (Illuminate\\Database\\QueryException(code: 42S02): SQLSTATE[42S02]: Base table or view not found: 1146 Table 'jse.asset_1' doesn't exist (SQL: select * from `asset_1` where `sma1` is not null order by `time_stamp` asc) at W:\\domains\\jse.kk\\vendor\\laravel\\framework\\src\\Illuminate\\Database\\Connection.php:664, PDOException(code: 42S02): SQLSTATE[42S02]: Base table or view not found: 1146 Table 'jse.asset_1' doesn't exist at W:\\domains\\jse.kk\\vendor\\laravel\\framework\\src\\Illuminate\\Database\\Connection.php:326)
[stacktrace]
#0 W:\\domains\\jse.kk\\vendor\\laravel\\framework\\src\\Illuminate\\Database\\Connection.php(624): Illuminate\\Database\\Connection->runQueryCallback('select * from `...', Array, Object(Closure))
#1 W:\\domains\\jse.kk\\vendor\\laravel\\framework\\src\\Illuminate\\Database\\Connection.php(333): Illuminate\\Database\\Connection->run('select * from `...', Array, Object(Closure))
#2 W:\\domains\\jse.kk\\vendor\\laravel\\framework\\src\\Illuminate\\Database\\Query\\Builder.php(2120): Illuminate\\Database\\Connection->select('select * from `...', Array, true)
#3 W:\\domains\\jse.kk\\vendor\\laravel\\framework\\src\\Illuminate\\Database\\Query\\Builder.php(2108): Illuminate\\Database\\Query\\Builder->runSelect()
#4 W:\\domains\\jse.kk\\vendor\\laravel\\framework\\src\\Illuminate\\Database\\Query\\Builder.php(2594): Illuminate\\Database\\Query\\Builder->Illuminate\\Database\\Query\\{closure}()
#5 W:\\domains\\jse.kk\\vendor\\laravel\\framework\\src\\Illuminate\\Database\\Query\\Builder.php(2109): Illuminate\\Database\\Query\\Builder->onceWithColumns(Array, Object(Closure))
#6 W:\\domains\\jse.kk\\app\\Classes\\Indicators\\Ema.php(33): Illuminate\\Database\\Query\\Builder->get()
#7 W:\\domains\\jse.kk\\app\\Classes\\Indicators\\Macd.php(26): App\\Classes\\Indicators\\Ema::calculate('close', 2, 'sma1', 'ema1')
#8 W:\\domains\\jse.kk\\app\\Console\\Commands\\Mc.php(82): App\\Classes\\Indicators\\Macd::calculate(Array, Array, true)
#9 [internal function]: App\\Console\\Commands\\Mc->handle()
#10 W:\\domains\\jse.kk\\vendor\\laravel\\framework\\src\\Illuminate\\Container\\BoundMethod.php(32): call_user_func_array(Array, Array)
#11 W:\\domains\\jse.kk\\vendor\\laravel\\framework\\src\\Illuminate\\Container\\BoundMethod.php(90): Illuminate\\Container\\BoundMethod::Illuminate\\Container\\{closure}()
#12 W:\\domains\\jse.kk\\vendor\\laravel\\framework\\src\\Illuminate\\Container\\BoundMethod.php(34): Illuminate\\Container\\BoundMethod::callBoundMethod(Object(Illuminate\\Foundation\\Application), Array, Object(Closure))
#13 W:\\domains\\jse.kk\\vendor\\laravel\\framework\\src\\Illuminate\\Container\\Container.php(580): Illuminate\\Container\\BoundMethod::call(Object(Illuminate\\Foundation\\Application), Array, Array, NULL)
#14 W:\\domains\\jse.kk\\vendor\\laravel\\framework\\src\\Illuminate\\Console\\Command.php(183): Illuminate\\Container\\Container->call(Array)
#15 W:\\domains\\jse.kk\\vendor\\symfony\\console\\Command\\Command.php(255): Illuminate\\Console\\Command->execute(Object(Symfony\\Component\\Console\\Input\\ArgvInput), Object(Illuminate\\Console\\OutputStyle))
#16 W:\\domains\\jse.kk\\vendor\\laravel\\framework\\src\\Illuminate\\Console\\Command.php(170): Symfony\\Component\\Console\\Command\\Command->run(Object(Symfony\\Component\\Console\\Input\\ArgvInput), Object(Illuminate\\Console\\OutputStyle))
#17 W:\\domains\\jse.kk\\vendor\\symfony\\console\\Application.php(908): Illuminate\\Console\\Command->run(Object(Symfony\\Component\\Console\\Input\\ArgvInput), Object(Symfony\\Component\\Console\\Output\\ConsoleOutput))
#18 W:\\domains\\jse.kk\\vendor\\symfony\\console\\Application.php(269): Symfony\\Component\\Console\\Application->doRunCommand(Object(App\\Console\\Commands\\Mc), Object(Symfony\\Component\\Console\\Input\\ArgvInput), Object(Symfony\\Component\\Console\\Output\\ConsoleOutput))
#19 W:\\domains\\jse.kk\\vendor\\symfony\\console\\Application.php(145): Symfony\\Component\\Console\\Application->doRun(Object(Symfony\\Component\\Console\\Input\\ArgvInput), Object(Symfony\\Component\\Console\\Output\\ConsoleOutput))
#20 W:\\domains\\jse.kk\\vendor\\laravel\\framework\\src\\Illuminate\\Console\\Application.php(90): Symfony\\Component\\Console\\Application->run(Object(Symfony\\Component\\Console\\Input\\ArgvInput), Object(Symfony\\Component\\Console\\Output\\ConsoleOutput))
#21 W:\\domains\\jse.kk\\vendor\\laravel\\framework\\src\\Illuminate\\Foundation\\Console\\Kernel.php(122): Illuminate\\Console\\Application->run(Object(Symfony\\Component\\Console\\Input\\ArgvInput), Object(Symfony\\Component\\Console\\Output\\ConsoleOutput))
#22 W:\\domains\\jse.kk\\artisan(37): Illuminate\\Foundation\\Console\\Kernel->handle(Object(Symfony\\Component\\Console\\Input\\ArgvInput), Object(Symfony\\Component\\Console\\Output\\ConsoleOutput))
#23 {main}
"} 
[2019-05-23 00:16:53] local.ERROR: Undefined index: bitTitle {"exception":"[object] (ErrorException(code: 0): Undefined index: bitTitle at W:\\domains\\jse.kk\\app\\Classes\\Indicators\\Macd.php:27)
[stacktrace]
#0 W:\\domains\\jse.kk\\app\\Classes\\Indicators\\Macd.php(27): Illuminate\\Foundation\\Bootstrap\\HandleExceptions->handleError(8, 'Undefined index...', 'W:\\\\domains\\\\jse....', 27, Array)
#1 W:\\domains\\jse.kk\\app\\Console\\Commands\\Mc.php(82): App\\Classes\\Indicators\\Macd::calculate(Array, Array, true)
#2 [internal function]: App\\Console\\Commands\\Mc->handle()
#3 W:\\domains\\jse.kk\\vendor\\laravel\\framework\\src\\Illuminate\\Container\\BoundMethod.php(32): call_user_func_array(Array, Array)
#4 W:\\domains\\jse.kk\\vendor\\laravel\\framework\\src\\Illuminate\\Container\\BoundMethod.php(90): Illuminate\\Container\\BoundMethod::Illuminate\\Container\\{closure}()
#5 W:\\domains\\jse.kk\\vendor\\laravel\\framework\\src\\Illuminate\\Container\\BoundMethod.php(34): Illuminate\\Container\\BoundMethod::callBoundMethod(Object(Illuminate\\Foundation\\Application), Array, Object(Closure))
#6 W:\\domains\\jse.kk\\vendor\\laravel\\framework\\src\\Illuminate\\Container\\Container.php(580): Illuminate\\Container\\BoundMethod::call(Object(Illuminate\\Foundation\\Application), Array, Array, NULL)
#7 W:\\domains\\jse.kk\\vendor\\laravel\\framework\\src\\Illuminate\\Console\\Command.php(183): Illuminate\\Container\\Container->call(Array)
#8 W:\\domains\\jse.kk\\vendor\\symfony\\console\\Command\\Command.php(255): Illuminate\\Console\\Command->execute(Object(Symfony\\Component\\Console\\Input\\ArgvInput), Object(Illuminate\\Console\\OutputStyle))
#9 W:\\domains\\jse.kk\\vendor\\laravel\\framework\\src\\Illuminate\\Console\\Command.php(170): Symfony\\Component\\Console\\Command\\Command->run(Object(Symfony\\Component\\Console\\Input\\ArgvInput), Object(Illuminate\\Console\\OutputStyle))
#10 W:\\domains\\jse.kk\\vendor\\symfony\\console\\Application.php(908): Illuminate\\Console\\Command->run(Object(Symfony\\Component\\Console\\Input\\ArgvInput), Object(Symfony\\Component\\Console\\Output\\ConsoleOutput))
#11 W:\\domains\\jse.kk\\vendor\\symfony\\console\\Application.php(269): Symfony\\Component\\Console\\Application->doRunCommand(Object(App\\Console\\Commands\\Mc), Object(Symfony\\Component\\Console\\Input\\ArgvInput), Object(Symfony\\Component\\Console\\Output\\ConsoleOutput))
#12 W:\\domains\\jse.kk\\vendor\\symfony\\console\\Application.php(145): Symfony\\Component\\Console\\Application->doRun(Object(Symfony\\Component\\Console\\Input\\ArgvInput), Object(Symfony\\Component\\Console\\Output\\ConsoleOutput))
#13 W:\\domains\\jse.kk\\vendor\\laravel\\framework\\src\\Illuminate\\Console\\Application.php(90): Symfony\\Component\\Console\\Application->run(Object(Symfony\\Component\\Console\\Input\\ArgvInput), Object(Symfony\\Component\\Console\\Output\\ConsoleOutput))
#14 W:\\domains\\jse.kk\\vendor\\laravel\\framework\\src\\Illuminate\\Foundation\\Console\\Kernel.php(122): Illuminate\\Console\\Application->run(Object(Symfony\\Component\\Console\\Input\\ArgvInput), Object(Symfony\\Component\\Console\\Output\\ConsoleOutput))
#15 W:\\domains\\jse.kk\\artisan(37): Illuminate\\Foundation\\Console\\Kernel->handle(Object(Symfony\\Component\\Console\\Input\\ArgvInput), Object(Symfony\\Component\\Console\\Output\\ConsoleOutput))
#16 {main}
"} 
[2019-05-23 00:17:20] local.ERROR: SQLSTATE[42S02]: Base table or view not found: 1146 Table 'jse.asset_1' doesn't exist (SQL: update `asset_1` set `ema1` = 7693 where `time_stamp` = 1558564800000) {"exception":"[object] (Illuminate\\Database\\QueryException(code: 42S02): SQLSTATE[42S02]: Base table or view not found: 1146 Table 'jse.asset_1' doesn't exist (SQL: update `asset_1` set `ema1` = 7693 where `time_stamp` = 1558564800000) at W:\\domains\\jse.kk\\vendor\\laravel\\framework\\src\\Illuminate\\Database\\Connection.php:664, PDOException(code: 42S02): SQLSTATE[42S02]: Base table or view not found: 1146 Table 'jse.asset_1' doesn't exist at W:\\domains\\jse.kk\\vendor\\laravel\\framework\\src\\Illuminate\\Database\\Connection.php:479)
[stacktrace]
#0 W:\\domains\\jse.kk\\vendor\\laravel\\framework\\src\\Illuminate\\Database\\Connection.php(624): Illuminate\\Database\\Connection->runQueryCallback('update `asset_1...', Array, Object(Closure))
#1 W:\\domains\\jse.kk\\vendor\\laravel\\framework\\src\\Illuminate\\Database\\Connection.php(490): Illuminate\\Database\\Connection->run('update `asset_1...', Array, Object(Closure))
#2 W:\\domains\\jse.kk\\vendor\\laravel\\framework\\src\\Illuminate\\Database\\Connection.php(423): Illuminate\\Database\\Connection->affectingStatement('update `asset_1...', Array)
#3 W:\\domains\\jse.kk\\vendor\\laravel\\framework\\src\\Illuminate\\Database\\Query\\Builder.php(2684): Illuminate\\Database\\Connection->update('update `asset_1...', Array)
#4 W:\\domains\\jse.kk\\app\\Classes\\Indicators\\Ema.php(48): Illuminate\\Database\\Query\\Builder->update(Array)
#5 W:\\domains\\jse.kk\\app\\Classes\\Indicators\\Macd.php(27): App\\Classes\\Indicators\\Ema::calculate('close', 2, 'sma1', 'ema1', 'pc_bot4')
#6 W:\\domains\\jse.kk\\app\\Console\\Commands\\Mc.php(82): App\\Classes\\Indicators\\Macd::calculate(Array, Array, true)
#7 [internal function]: App\\Console\\Commands\\Mc->handle()
#8 W:\\domains\\jse.kk\\vendor\\laravel\\framework\\src\\Illuminate\\Container\\BoundMethod.php(32): call_user_func_array(Array, Array)
#9 W:\\domains\\jse.kk\\vendor\\laravel\\framework\\src\\Illuminate\\Container\\BoundMethod.php(90): Illuminate\\Container\\BoundMethod::Illuminate\\Container\\{closure}()
#10 W:\\domains\\jse.kk\\vendor\\laravel\\framework\\src\\Illuminate\\Container\\BoundMethod.php(34): Illuminate\\Container\\BoundMethod::callBoundMethod(Object(Illuminate\\Foundation\\Application), Array, Object(Closure))
#11 W:\\domains\\jse.kk\\vendor\\laravel\\framework\\src\\Illuminate\\Container\\Container.php(580): Illuminate\\Container\\BoundMethod::call(Object(Illuminate\\Foundation\\Application), Array, Array, NULL)
#12 W:\\domains\\jse.kk\\vendor\\laravel\\framework\\src\\Illuminate\\Console\\Command.php(183): Illuminate\\Container\\Container->call(Array)
#13 W:\\domains\\jse.kk\\vendor\\symfony\\console\\Command\\Command.php(255): Illuminate\\Console\\Command->execute(Object(Symfony\\Component\\Console\\Input\\ArgvInput), Object(Illuminate\\Console\\OutputStyle))
#14 W:\\domains\\jse.kk\\vendor\\laravel\\framework\\src\\Illuminate\\Console\\Command.php(170): Symfony\\Component\\Console\\Command\\Command->run(Object(Symfony\\Component\\Console\\Input\\ArgvInput), Object(Illuminate\\Console\\OutputStyle))
#15 W:\\domains\\jse.kk\\vendor\\symfony\\console\\Application.php(908): Illuminate\\Console\\Command->run(Object(Symfony\\Component\\Console\\Input\\ArgvInput), Object(Symfony\\Component\\Console\\Output\\ConsoleOutput))
#16 W:\\domains\\jse.kk\\vendor\\symfony\\console\\Application.php(269): Symfony\\Component\\Console\\Application->doRunCommand(Object(App\\Console\\Commands\\Mc), Object(Symfony\\Component\\Console\\Input\\ArgvInput), Object(Symfony\\Component\\Console\\Output\\ConsoleOutput))
#17 W:\\domains\\jse.kk\\vendor\\symfony\\console\\Application.php(145): Symfony\\Component\\Console\\Application->doRun(Object(Symfony\\Component\\Console\\Input\\ArgvInput), Object(Symfony\\Component\\Console\\Output\\ConsoleOutput))
#18 W:\\domains\\jse.kk\\vendor\\laravel\\framework\\src\\Illuminate\\Console\\Application.php(90): Symfony\\Component\\Console\\Application->run(Object(Symfony\\Component\\Console\\Input\\ArgvInput), Object(Symfony\\Component\\Console\\Output\\ConsoleOutput))
#19 W:\\domains\\jse.kk\\vendor\\laravel\\framework\\src\\Illuminate\\Foundation\\Console\\Kernel.php(122): Illuminate\\Console\\Application->run(Object(Symfony\\Component\\Console\\Input\\ArgvInput), Object(Symfony\\Component\\Console\\Output\\ConsoleOutput))
#20 W:\\domains\\jse.kk\\artisan(37): Illuminate\\Foundation\\Console\\Kernel->handle(Object(Symfony\\Component\\Console\\Input\\ArgvInput), Object(Symfony\\Component\\Console\\Output\\ConsoleOutput))
#21 {main}
"} 
[2019-05-23 00:18:18] local.ERROR: Undefined index: bitTitle {"exception":"[object] (ErrorException(code: 0): Undefined index: bitTitle at W:\\domains\\jse.kk\\app\\Classes\\Indicators\\Macd.php:30)
[stacktrace]
#0 W:\\domains\\jse.kk\\app\\Classes\\Indicators\\Macd.php(30): Illuminate\\Foundation\\Bootstrap\\HandleExceptions->handleError(8, 'Undefined index...', 'W:\\\\domains\\\\jse....', 30, Array)
#1 W:\\domains\\jse.kk\\app\\Console\\Commands\\Mc.php(82): App\\Classes\\Indicators\\Macd::calculate(Array, Array, true)
#2 [internal function]: App\\Console\\Commands\\Mc->handle()
#3 W:\\domains\\jse.kk\\vendor\\laravel\\framework\\src\\Illuminate\\Container\\BoundMethod.php(32): call_user_func_array(Array, Array)
#4 W:\\domains\\jse.kk\\vendor\\laravel\\framework\\src\\Illuminate\\Container\\BoundMethod.php(90): Illuminate\\Container\\BoundMethod::Illuminate\\Container\\{closure}()
#5 W:\\domains\\jse.kk\\vendor\\laravel\\framework\\src\\Illuminate\\Container\\BoundMethod.php(34): Illuminate\\Container\\BoundMethod::callBoundMethod(Object(Illuminate\\Foundation\\Application), Array, Object(Closure))
#6 W:\\domains\\jse.kk\\vendor\\laravel\\framework\\src\\Illuminate\\Container\\Container.php(580): Illuminate\\Container\\BoundMethod::call(Object(Illuminate\\Foundation\\Application), Array, Array, NULL)
#7 W:\\domains\\jse.kk\\vendor\\laravel\\framework\\src\\Illuminate\\Console\\Command.php(183): Illuminate\\Container\\Container->call(Array)
#8 W:\\domains\\jse.kk\\vendor\\symfony\\console\\Command\\Command.php(255): Illuminate\\Console\\Command->execute(Object(Symfony\\Component\\Console\\Input\\ArgvInput), Object(Illuminate\\Console\\OutputStyle))
#9 W:\\domains\\jse.kk\\vendor\\laravel\\framework\\src\\Illuminate\\Console\\Command.php(170): Symfony\\Component\\Console\\Command\\Command->run(Object(Symfony\\Component\\Console\\Input\\ArgvInput), Object(Illuminate\\Console\\OutputStyle))
#10 W:\\domains\\jse.kk\\vendor\\symfony\\console\\Application.php(908): Illuminate\\Console\\Command->run(Object(Symfony\\Component\\Console\\Input\\ArgvInput), Object(Symfony\\Component\\Console\\Output\\ConsoleOutput))
#11 W:\\domains\\jse.kk\\vendor\\symfony\\console\\Application.php(269): Symfony\\Component\\Console\\Application->doRunCommand(Object(App\\Console\\Commands\\Mc), Object(Symfony\\Component\\Console\\Input\\ArgvInput), Object(Symfony\\Component\\Console\\Output\\ConsoleOutput))
#12 W:\\domains\\jse.kk\\vendor\\symfony\\console\\Application.php(145): Symfony\\Component\\Console\\Application->doRun(Object(Symfony\\Component\\Console\\Input\\ArgvInput), Object(Symfony\\Component\\Console\\Output\\ConsoleOutput))
#13 W:\\domains\\jse.kk\\vendor\\laravel\\framework\\src\\Illuminate\\Console\\Application.php(90): Symfony\\Component\\Console\\Application->run(Object(Symfony\\Component\\Console\\Input\\ArgvInput), Object(Symfony\\Component\\Console\\Output\\ConsoleOutput))
#14 W:\\domains\\jse.kk\\vendor\\laravel\\framework\\src\\Illuminate\\Foundation\\Console\\Kernel.php(122): Illuminate\\Console\\Application->run(Object(Symfony\\Component\\Console\\Input\\ArgvInput), Object(Symfony\\Component\\Console\\Output\\ConsoleOutput))
#15 W:\\domains\\jse.kk\\artisan(37): Illuminate\\Foundation\\Console\\Kernel->handle(Object(Symfony\\Component\\Console\\Input\\ArgvInput), Object(Symfony\\Component\\Console\\Output\\ConsoleOutput))
#16 {main}
"} 
[2019-05-23 00:19:24] local.ERROR: SQLSTATE[HY000] [1045] Access denied for user 'forge'@'localhost' (using password: NO) (SQL: select * from `pc_bot3`) {"exception":"[object] (Illuminate\\Database\\QueryException(code: 1045): SQLSTATE[HY000] [1045] Access denied for user 'forge'@'localhost' (using password: NO) (SQL: select * from `pc_bot3`) at W:\\domains\\jse.kk\\vendor\\laravel\\framework\\src\\Illuminate\\Database\\Connection.php:664, PDOException(code: 1045): SQLSTATE[HY000] [1045] Access denied for user 'forge'@'localhost' (using password: NO) at W:\\domains\\jse.kk\\vendor\\laravel\\framework\\src\\Illuminate\\Database\\Connectors\\Connector.php:70)
[stacktrace]
#0 W:\\domains\\jse.kk\\vendor\\laravel\\framework\\src\\Illuminate\\Database\\Connection.php(624): Illuminate\\Database\\Connection->runQueryCallback('select * from `...', Array, Object(Closure))
#1 W:\\domains\\jse.kk\\vendor\\laravel\\framework\\src\\Illuminate\\Database\\Connection.php(333): Illuminate\\Database\\Connection->run('select * from `...', Array, Object(Closure))
#2 W:\\domains\\jse.kk\\vendor\\laravel\\framework\\src\\Illuminate\\Database\\Query\\Builder.php(2120): Illuminate\\Database\\Connection->select('select * from `...', Array, true)
#3 W:\\domains\\jse.kk\\vendor\\laravel\\framework\\src\\Illuminate\\Database\\Query\\Builder.php(2108): Illuminate\\Database\\Query\\Builder->runSelect()
#4 W:\\domains\\jse.kk\\vendor\\laravel\\framework\\src\\Illuminate\\Database\\Query\\Builder.php(2594): Illuminate\\Database\\Query\\Builder->Illuminate\\Database\\Query\\{closure}()
#5 W:\\domains\\jse.kk\\vendor\\laravel\\framework\\src\\Illuminate\\Database\\Query\\Builder.php(2109): Illuminate\\Database\\Query\\Builder->onceWithColumns(Array, Object(Closure))
#6 W:\\domains\\jse.kk\\app\\Http\\Controllers\\Exchange\\HistoryBars.php(21): Illuminate\\Database\\Query\\Builder->get()
#7 [internal function]: App\\Http\\Controllers\\Exchange\\HistoryBars->load('2')
#8 W:\\domains\\jse.kk\\vendor\\laravel\\framework\\src\\Illuminate\\Routing\\Controller.php(54): call_user_func_array(Array, Array)
#9 W:\\domains\\jse.kk\\vendor\\laravel\\framework\\src\\Illuminate\\Routing\\ControllerDispatcher.php(45): Illuminate\\Routing\\Controller->callAction('load', Array)
#10 W:\\domains\\jse.kk\\vendor\\laravel\\framework\\src\\Illuminate\\Routing\\Route.php(219): Illuminate\\Routing\\ControllerDispatcher->dispatch(Object(Illuminate\\Routing\\Route), Object(App\\Http\\Controllers\\Exchange\\HistoryBars), 'load')
#11 W:\\domains\\jse.kk\\vendor\\laravel\\framework\\src\\Illuminate\\Routing\\Route.php(176): Illuminate\\Routing\\Route->runController()
#12 W:\\domains\\jse.kk\\vendor\\laravel\\framework\\src\\Illuminate\\Routing\\Router.php(680): Illuminate\\Routing\\Route->run()
#13 W:\\domains\\jse.kk\\vendor\\laravel\\framework\\src\\Illuminate\\Routing\\Pipeline.php(30): Illuminate\\Routing\\Router->Illuminate\\Routing\\{closure}(Object(Illuminate\\Http\\Request))
#14 W:\\domains\\jse.kk\\vendor\\laravel\\framework\\src\\Illuminate\\Routing\\Middleware\\SubstituteBindings.php(41): Illuminate\\Routing\\Pipeline->Illuminate\\Routing\\{closure}(Object(Illuminate\\Http\\Request))
#15 W:\\domains\\jse.kk\\vendor\\laravel\\framework\\src\\Illuminate\\Pipeline\\Pipeline.php(163): Illuminate\\Routing\\Middleware\\SubstituteBindings->handle(Object(Illuminate\\Http\\Request), Object(Closure))
#16 W:\\domains\\jse.kk\\vendor\\laravel\\framework\\src\\Illuminate\\Routing\\Pipeline.php(53): Illuminate\\Pipeline\\Pipeline->Illuminate\\Pipeline\\{closure}(Object(Illuminate\\Http\\Request))
#17 W:\\domains\\jse.kk\\vendor\\laravel\\framework\\src\\Illuminate\\Routing\\Middleware\\ThrottleRequests.php(58): Illuminate\\Routing\\Pipeline->Illuminate\\Routing\\{closure}(Object(Illuminate\\Http\\Request))
#18 W:\\domains\\jse.kk\\vendor\\laravel\\framework\\src\\Illuminate\\Pipeline\\Pipeline.php(163): Illuminate\\Routing\\Middleware\\ThrottleRequests->handle(Object(Illuminate\\Http\\Request), Object(Closure), 60, '1')
#19 W:\\domains\\jse.kk\\vendor\\laravel\\framework\\src\\Illuminate\\Routing\\Pipeline.php(53): Illuminate\\Pipeline\\Pipeline->Illuminate\\Pipeline\\{closure}(Object(Illuminate\\Http\\Request))
#20 W:\\domains\\jse.kk\\vendor\\laravel\\framework\\src\\Illuminate\\Pipeline\\Pipeline.php(104): Illuminate\\Routing\\Pipeline->Illuminate\\Routing\\{closure}(Object(Illuminate\\Http\\Request))
#21 W:\\domains\\jse.kk\\vendor\\laravel\\framework\\src\\Illuminate\\Routing\\Router.php(682): Illuminate\\Pipeline\\Pipeline->then(Object(Closure))
#22 W:\\domains\\jse.kk\\vendor\\laravel\\framework\\src\\Illuminate\\Routing\\Router.php(657): Illuminate\\Routing\\Router->runRouteWithinStack(Object(Illuminate\\Routing\\Route), Object(Illuminate\\Http\\Request))
#23 W:\\domains\\jse.kk\\vendor\\laravel\\framework\\src\\Illuminate\\Routing\\Router.php(623): Illuminate\\Routing\\Router->runRoute(Object(Illuminate\\Http\\Request), Object(Illuminate\\Routing\\Route))
#24 W:\\domains\\jse.kk\\vendor\\laravel\\framework\\src\\Illuminate\\Routing\\Router.php(612): Illuminate\\Routing\\Router->dispatchToRoute(Object(Illuminate\\Http\\Request))
#25 W:\\domains\\jse.kk\\vendor\\laravel\\framework\\src\\Illuminate\\Foundation\\Http\\Kernel.php(176): Illuminate\\Routing\\Router->dispatch(Object(Illuminate\\Http\\Request))
#26 W:\\domains\\jse.kk\\vendor\\laravel\\framework\\src\\Illuminate\\Routing\\Pipeline.php(30): Illuminate\\Foundation\\Http\\Kernel->Illuminate\\Foundation\\Http\\{closure}(Object(Illuminate\\Http\\Request))
#27 W:\\domains\\jse.kk\\vendor\\barryvdh\\laravel-cors\\src\\HandleCors.php(58): Illuminate\\Routing\\Pipeline->Illuminate\\Routing\\{closure}(Object(Illuminate\\Http\\Request))
#28 W:\\domains\\jse.kk\\vendor\\laravel\\framework\\src\\Illuminate\\Pipeline\\Pipeline.php(163): Barryvdh\\Cors\\HandleCors->handle(Object(Illuminate\\Http\\Request), Object(Closure))
#29 W:\\domains\\jse.kk\\vendor\\laravel\\framework\\src\\Illuminate\\Routing\\Pipeline.php(53): Illuminate\\Pipeline\\Pipeline->Illuminate\\Pipeline\\{closure}(Object(Illuminate\\Http\\Request))
#30 W:\\domains\\jse.kk\\vendor\\fideloper\\proxy\\src\\TrustProxies.php(57): Illuminate\\Routing\\Pipeline->Illuminate\\Routing\\{closure}(Object(Illuminate\\Http\\Request))
#31 W:\\domains\\jse.kk\\vendor\\laravel\\framework\\src\\Illuminate\\Pipeline\\Pipeline.php(163): Fideloper\\Proxy\\TrustProxies->handle(Object(Illuminate\\Http\\Request), Object(Closure))
#32 W:\\domains\\jse.kk\\vendor\\laravel\\framework\\src\\Illuminate\\Routing\\Pipeline.php(53): Illuminate\\Pipeline\\Pipeline->Illuminate\\Pipeline\\{closure}(Object(Illuminate\\Http\\Request))
#33 W:\\domains\\jse.kk\\vendor\\laravel\\framework\\src\\Illuminate\\Foundation\\Http\\Middleware\\TransformsRequest.php(21): Illuminate\\Routing\\Pipeline->Illuminate\\Routing\\{closure}(Object(Illuminate\\Http\\Request))
#34 W:\\domains\\jse.kk\\vendor\\laravel\\framework\\src\\Illuminate\\Pipeline\\Pipeline.php(163): Illuminate\\Foundation\\Http\\Middleware\\TransformsRequest->handle(Object(Illuminate\\Http\\Request), Object(Closure))
#35 W:\\domains\\jse.kk\\vendor\\laravel\\framework\\src\\Illuminate\\Routing\\Pipeline.php(53): Illuminate\\Pipeline\\Pipeline->Illuminate\\Pipeline\\{closure}(Object(Illuminate\\Http\\Request))
#36 W:\\domains\\jse.kk\\vendor\\laravel\\framework\\src\\Illuminate\\Foundation\\Http\\Middleware\\TransformsRequest.php(21): Illuminate\\Routing\\Pipeline->Illuminate\\Routing\\{closure}(Object(Illuminate\\Http\\Request))
#37 W:\\domains\\jse.kk\\vendor\\laravel\\framework\\src\\Illuminate\\Pipeline\\Pipeline.php(163): Illuminate\\Foundation\\Http\\Middleware\\TransformsRequest->handle(Object(Illuminate\\Http\\Request), Object(Closure))
#38 W:\\domains\\jse.kk\\vendor\\laravel\\framework\\src\\Illuminate\\Routing\\Pipeline.php(53): Illuminate\\Pipeline\\Pipeline->Illuminate\\Pipeline\\{closure}(Object(Illuminate\\Http\\Request))
#39 W:\\domains\\jse.kk\\vendor\\laravel\\framework\\src\\Illuminate\\Foundation\\Http\\Middleware\\ValidatePostSize.php(27): Illuminate\\Routing\\Pipeline->Illuminate\\Routing\\{closure}(Object(Illuminate\\Http\\Request))
#40 W:\\domains\\jse.kk\\vendor\\laravel\\framework\\src\\Illuminate\\Pipeline\\Pipeline.php(163): Illuminate\\Foundation\\Http\\Middleware\\ValidatePostSize->handle(Object(Illuminate\\Http\\Request), Object(Closure))
#41 W:\\domains\\jse.kk\\vendor\\laravel\\framework\\src\\Illuminate\\Routing\\Pipeline.php(53): Illuminate\\Pipeline\\Pipeline->Illuminate\\Pipeline\\{closure}(Object(Illuminate\\Http\\Request))
#42 W:\\domains\\jse.kk\\vendor\\laravel\\framework\\src\\Illuminate\\Foundation\\Http\\Middleware\\CheckForMaintenanceMode.php(62): Illuminate\\Routing\\Pipeline->Illuminate\\Routing\\{closure}(Object(Illuminate\\Http\\Request))
#43 W:\\domains\\jse.kk\\vendor\\laravel\\framework\\src\\Illuminate\\Pipeline\\Pipeline.php(163): Illuminate\\Foundation\\Http\\Middleware\\CheckForMaintenanceMode->handle(Object(Illuminate\\Http\\Request), Object(Closure))
#44 W:\\domains\\jse.kk\\vendor\\laravel\\framework\\src\\Illuminate\\Routing\\Pipeline.php(53): Illuminate\\Pipeline\\Pipeline->Illuminate\\Pipeline\\{closure}(Object(Illuminate\\Http\\Request))
#45 W:\\domains\\jse.kk\\vendor\\laravel\\framework\\src\\Illuminate\\Pipeline\\Pipeline.php(104): Illuminate\\Routing\\Pipeline->Illuminate\\Routing\\{closure}(Object(Illuminate\\Http\\Request))
#46 W:\\domains\\jse.kk\\vendor\\laravel\\framework\\src\\Illuminate\\Foundation\\Http\\Kernel.php(151): Illuminate\\Pipeline\\Pipeline->then(Object(Closure))
#47 W:\\domains\\jse.kk\\vendor\\laravel\\framework\\src\\Illuminate\\Foundation\\Http\\Kernel.php(116): Illuminate\\Foundation\\Http\\Kernel->sendRequestThroughRouter(Object(Illuminate\\Http\\Request))
#48 W:\\domains\\jse.kk\\public\\index.php(55): Illuminate\\Foundation\\Http\\Kernel->handle(Object(Illuminate\\Http\\Request))
#49 {main}
"} 
[2019-05-23 00:19:24] local.ERROR: Argument 3 passed to Lcobucci\JWT\Signer\Hmac::doVerify() must be an instance of Lcobucci\JWT\Signer\Key, null given, called in W:\domains\jse.kk\vendor\lcobucci\jwt\src\Signer\BaseSigner.php on line 42 {"exception":"[object] (Symfony\\Component\\Debug\\Exception\\FatalThrowableError(code: 0): Argument 3 passed to Lcobucci\\JWT\\Signer\\Hmac::doVerify() must be an instance of Lcobucci\\JWT\\Signer\\Key, null given, called in W:\\domains\\jse.kk\\vendor\\lcobucci\\jwt\\src\\Signer\\BaseSigner.php on line 42 at W:\\domains\\jse.kk\\vendor\\lcobucci\\jwt\\src\\Signer\\Hmac.php:29)
[stacktrace]
#0 W:\\domains\\jse.kk\\vendor\\lcobucci\\jwt\\src\\Signer\\BaseSigner.php(42): Lcobucci\\JWT\\Signer\\Hmac->doVerify('\\x02\\xB8\\xEE\\fW\\xF4\\xE3T\\xEB\\x01\\xF4\\xCD\\xAFu\\x12...', 'eyJ0eXAiOiJKV1Q...', NULL)
#1 W:\\domains\\jse.kk\\vendor\\lcobucci\\jwt\\src\\Signature.php(47): Lcobucci\\JWT\\Signer\\BaseSigner->verify('\\x02\\xB8\\xEE\\fW\\xF4\\xE3T\\xEB\\x01\\xF4\\xCD\\xAFu\\x12...', 'eyJ0eXAiOiJKV1Q...', NULL)
#2 W:\\domains\\jse.kk\\vendor\\lcobucci\\jwt\\src\\Token.php(201): Lcobucci\\JWT\\Signature->verify(Object(Lcobucci\\JWT\\Signer\\Hmac\\Sha256), 'eyJ0eXAiOiJKV1Q...', NULL)
#3 W:\\domains\\jse.kk\\vendor\\tymon\\jwt-auth\\src\\Providers\\JWT\\Lcobucci.php(136): Lcobucci\\JWT\\Token->verify(Object(Lcobucci\\JWT\\Signer\\Hmac\\Sha256), NULL)
#4 W:\\domains\\jse.kk\\vendor\\tymon\\jwt-auth\\src\\Manager.php(101): Tymon\\JWTAuth\\Providers\\JWT\\Lcobucci->decode('eyJ0eXAiOiJKV1Q...')
#5 W:\\domains\\jse.kk\\vendor\\tymon\\jwt-auth\\src\\JWT.php(200): Tymon\\JWTAuth\\Manager->decode(Object(Tymon\\JWTAuth\\Token))
#6 W:\\domains\\jse.kk\\vendor\\tymon\\jwt-auth\\src\\JWT.php(136): Tymon\\JWTAuth\\JWT->getPayload()
#7 W:\\domains\\jse.kk\\vendor\\tymon\\jwt-auth\\src\\JWT.php(149): Tymon\\JWTAuth\\JWT->checkOrFail()
#8 W:\\domains\\jse.kk\\vendor\\tymon\\jwt-auth\\src\\JWTGuard.php(79): Tymon\\JWTAuth\\JWT->check(true)
#9 W:\\domains\\jse.kk\\vendor\\laravel\\framework\\src\\Illuminate\\Auth\\AuthManager.php(54): Tymon\\JWTAuth\\JWTGuard->user()
#10 [internal function]: Illuminate\\Auth\\AuthManager->Illuminate\\Auth\\{closure}(NULL)
#11 W:\\domains\\jse.kk\\vendor\\laravel\\framework\\src\\Illuminate\\Auth\\AuthServiceProvider.php(86): call_user_func(Object(Closure), NULL)
#12 [internal function]: Illuminate\\Auth\\AuthServiceProvider->Illuminate\\Auth\\{closure}(NULL)
#13 W:\\domains\\jse.kk\\vendor\\laravel\\framework\\src\\Illuminate\\Http\\Request.php(519): call_user_func(Object(Closure), NULL)
#14 W:\\domains\\jse.kk\\vendor\\laravel\\framework\\src\\Illuminate\\Routing\\Middleware\\ThrottleRequests.php(96): Illuminate\\Http\\Request->user()
#15 W:\\domains\\jse.kk\\vendor\\laravel\\framework\\src\\Illuminate\\Routing\\Middleware\\ThrottleRequests.php(48): Illuminate\\Routing\\Middleware\\ThrottleRequests->resolveRequestSignature(Object(Illuminate\\Http\\Request))
#16 W:\\domains\\jse.kk\\vendor\\laravel\\framework\\src\\Illuminate\\Pipeline\\Pipeline.php(163): Illuminate\\Routing\\Middleware\\ThrottleRequests->handle(Object(Illuminate\\Http\\Request), Object(Closure), '60', '1')
#17 W:\\domains\\jse.kk\\vendor\\laravel\\framework\\src\\Illuminate\\Routing\\Pipeline.php(53): Illuminate\\Pipeline\\Pipeline->Illuminate\\Pipeline\\{closure}(Object(Illuminate\\Http\\Request))
#18 W:\\domains\\jse.kk\\vendor\\laravel\\framework\\src\\Illuminate\\Pipeline\\Pipeline.php(104): Illuminate\\Routing\\Pipeline->Illuminate\\Routing\\{closure}(Object(Illuminate\\Http\\Request))
#19 W:\\domains\\jse.kk\\vendor\\laravel\\framework\\src\\Illuminate\\Routing\\Router.php(682): Illuminate\\Pipeline\\Pipeline->then(Object(Closure))
#20 W:\\domains\\jse.kk\\vendor\\laravel\\framework\\src\\Illuminate\\Routing\\Router.php(657): Illuminate\\Routing\\Router->runRouteWithinStack(Object(Illuminate\\Routing\\Route), Object(Illuminate\\Http\\Request))
#21 W:\\domains\\jse.kk\\vendor\\laravel\\framework\\src\\Illuminate\\Routing\\Router.php(623): Illuminate\\Routing\\Router->runRoute(Object(Illuminate\\Http\\Request), Object(Illuminate\\Routing\\Route))
#22 W:\\domains\\jse.kk\\vendor\\laravel\\framework\\src\\Illuminate\\Routing\\Router.php(612): Illuminate\\Routing\\Router->dispatchToRoute(Object(Illuminate\\Http\\Request))
#23 W:\\domains\\jse.kk\\vendor\\laravel\\framework\\src\\Illuminate\\Foundation\\Http\\Kernel.php(176): Illuminate\\Routing\\Router->dispatch(Object(Illuminate\\Http\\Request))
#24 W:\\domains\\jse.kk\\vendor\\laravel\\framework\\src\\Illuminate\\Routing\\Pipeline.php(30): Illuminate\\Foundation\\Http\\Kernel->Illuminate\\Foundation\\Http\\{closure}(Object(Illuminate\\Http\\Request))
#25 W:\\domains\\jse.kk\\vendor\\barryvdh\\laravel-cors\\src\\HandleCors.php(58): Illuminate\\Routing\\Pipeline->Illuminate\\Routing\\{closure}(Object(Illuminate\\Http\\Request))
#26 W:\\domains\\jse.kk\\vendor\\laravel\\framework\\src\\Illuminate\\Pipeline\\Pipeline.php(163): Barryvdh\\Cors\\HandleCors->handle(Object(Illuminate\\Http\\Request), Object(Closure))
#27 W:\\domains\\jse.kk\\vendor\\laravel\\framework\\src\\Illuminate\\Routing\\Pipeline.php(53): Illuminate\\Pipeline\\Pipeline->Illuminate\\Pipeline\\{closure}(Object(Illuminate\\Http\\Request))
#28 W:\\domains\\jse.kk\\vendor\\fideloper\\proxy\\src\\TrustProxies.php(57): Illuminate\\Routing\\Pipeline->Illuminate\\Routing\\{closure}(Object(Illuminate\\Http\\Request))
#29 W:\\domains\\jse.kk\\vendor\\laravel\\framework\\src\\Illuminate\\Pipeline\\Pipeline.php(163): Fideloper\\Proxy\\TrustProxies->handle(Object(Illuminate\\Http\\Request), Object(Closure))
#30 W:\\domains\\jse.kk\\vendor\\laravel\\framework\\src\\Illuminate\\Routing\\Pipeline.php(53): Illuminate\\Pipeline\\Pipeline->Illuminate\\Pipeline\\{closure}(Object(Illuminate\\Http\\Request))
#31 W:\\domains\\jse.kk\\vendor\\laravel\\framework\\src\\Illuminate\\Foundation\\Http\\Middleware\\TransformsRequest.php(21): Illuminate\\Routing\\Pipeline->Illuminate\\Routing\\{closure}(Object(Illuminate\\Http\\Request))
#32 W:\\domains\\jse.kk\\vendor\\laravel\\framework\\src\\Illuminate\\Pipeline\\Pipeline.php(163): Illuminate\\Foundation\\Http\\Middleware\\TransformsRequest->handle(Object(Illuminate\\Http\\Request), Object(Closure))
#33 W:\\domains\\jse.kk\\vendor\\laravel\\framework\\src\\Illuminate\\Routing\\Pipeline.php(53): Illuminate\\Pipeline\\Pipeline->Illuminate\\Pipeline\\{closure}(Object(Illuminate\\Http\\Request))
#34 W:\\domains\\jse.kk\\vendor\\laravel\\framework\\src\\Illuminate\\Foundation\\Http\\Middleware\\TransformsRequest.php(21): Illuminate\\Routing\\Pipeline->Illuminate\\Routing\\{closure}(Object(Illuminate\\Http\\Request))
#35 W:\\domains\\jse.kk\\vendor\\laravel\\framework\\src\\Illuminate\\Pipeline\\Pipeline.php(163): Illuminate\\Foundation\\Http\\Middleware\\TransformsRequest->handle(Object(Illuminate\\Http\\Request), Object(Closure))
#36 W:\\domains\\jse.kk\\vendor\\laravel\\framework\\src\\Illuminate\\Routing\\Pipeline.php(53): Illuminate\\Pipeline\\Pipeline->Illuminate\\Pipeline\\{closure}(Object(Illuminate\\Http\\Request))
#37 W:\\domains\\jse.kk\\vendor\\laravel\\framework\\src\\Illuminate\\Foundation\\Http\\Middleware\\ValidatePostSize.php(27): Illuminate\\Routing\\Pipeline->Illuminate\\Routing\\{closure}(Object(Illuminate\\Http\\Request))
#38 W:\\domains\\jse.kk\\vendor\\laravel\\framework\\src\\Illuminate\\Pipeline\\Pipeline.php(163): Illuminate\\Foundation\\Http\\Middleware\\ValidatePostSize->handle(Object(Illuminate\\Http\\Request), Object(Closure))
#39 W:\\domains\\jse.kk\\vendor\\laravel\\framework\\src\\Illuminate\\Routing\\Pipeline.php(53): Illuminate\\Pipeline\\Pipeline->Illuminate\\Pipeline\\{closure}(Object(Illuminate\\Http\\Request))
#40 W:\\domains\\jse.kk\\vendor\\laravel\\framework\\src\\Illuminate\\Foundation\\Http\\Middleware\\CheckForMaintenanceMode.php(62): Illuminate\\Routing\\Pipeline->Illuminate\\Routing\\{closure}(Object(Illuminate\\Http\\Request))
#41 W:\\domains\\jse.kk\\vendor\\laravel\\framework\\src\\Illuminate\\Pipeline\\Pipeline.php(163): Illuminate\\Foundation\\Http\\Middleware\\CheckForMaintenanceMode->handle(Object(Illuminate\\Http\\Request), Object(Closure))
#42 W:\\domains\\jse.kk\\vendor\\laravel\\framework\\src\\Illuminate\\Routing\\Pipeline.php(53): Illuminate\\Pipeline\\Pipeline->Illuminate\\Pipeline\\{closure}(Object(Illuminate\\Http\\Request))
#43 W:\\domains\\jse.kk\\vendor\\laravel\\framework\\src\\Illuminate\\Pipeline\\Pipeline.php(104): Illuminate\\Routing\\Pipeline->Illuminate\\Routing\\{closure}(Object(Illuminate\\Http\\Request))
#44 W:\\domains\\jse.kk\\vendor\\laravel\\framework\\src\\Illuminate\\Foundation\\Http\\Kernel.php(151): Illuminate\\Pipeline\\Pipeline->then(Object(Closure))
#45 W:\\domains\\jse.kk\\vendor\\laravel\\framework\\src\\Illuminate\\Foundation\\Http\\Kernel.php(116): Illuminate\\Foundation\\Http\\Kernel->sendRequestThroughRouter(Object(Illuminate\\Http\\Request))
#46 W:\\domains\\jse.kk\\public\\index.php(55): Illuminate\\Foundation\\Http\\Kernel->handle(Object(Illuminate\\Http\\Request))
#47 {main}
"} 
[2019-05-23 00:19:25] local.ERROR: Undefined offset: 4 {"exception":"[object] (ErrorException(code: 0): Undefined offset: 4 at W:\\domains\\jse.kk\\app\\Http\\Controllers\\Exchange\\HistoryBars.php:21)
[stacktrace]
#0 W:\\domains\\jse.kk\\app\\Http\\Controllers\\Exchange\\HistoryBars.php(21): Illuminate\\Foundation\\Bootstrap\\HandleExceptions->handleError(8, 'Undefined offse...', 'W:\\\\domains\\\\jse....', 21, Array)
#1 [internal function]: App\\Http\\Controllers\\Exchange\\HistoryBars->load('4')
#2 W:\\domains\\jse.kk\\vendor\\laravel\\framework\\src\\Illuminate\\Routing\\Controller.php(54): call_user_func_array(Array, Array)
#3 W:\\domains\\jse.kk\\vendor\\laravel\\framework\\src\\Illuminate\\Routing\\ControllerDispatcher.php(45): Illuminate\\Routing\\Controller->callAction('load', Array)
#4 W:\\domains\\jse.kk\\vendor\\laravel\\framework\\src\\Illuminate\\Routing\\Route.php(219): Illuminate\\Routing\\ControllerDispatcher->dispatch(Object(Illuminate\\Routing\\Route), Object(App\\Http\\Controllers\\Exchange\\HistoryBars), 'load')
#5 W:\\domains\\jse.kk\\vendor\\laravel\\framework\\src\\Illuminate\\Routing\\Route.php(176): Illuminate\\Routing\\Route->runController()
#6 W:\\domains\\jse.kk\\vendor\\laravel\\framework\\src\\Illuminate\\Routing\\Router.php(680): Illuminate\\Routing\\Route->run()
#7 W:\\domains\\jse.kk\\vendor\\laravel\\framework\\src\\Illuminate\\Routing\\Pipeline.php(30): Illuminate\\Routing\\Router->Illuminate\\Routing\\{closure}(Object(Illuminate\\Http\\Request))
#8 W:\\domains\\jse.kk\\vendor\\laravel\\framework\\src\\Illuminate\\Routing\\Middleware\\SubstituteBindings.php(41): Illuminate\\Routing\\Pipeline->Illuminate\\Routing\\{closure}(Object(Illuminate\\Http\\Request))
#9 W:\\domains\\jse.kk\\vendor\\laravel\\framework\\src\\Illuminate\\Pipeline\\Pipeline.php(163): Illuminate\\Routing\\Middleware\\SubstituteBindings->handle(Object(Illuminate\\Http\\Request), Object(Closure))
#10 W:\\domains\\jse.kk\\vendor\\laravel\\framework\\src\\Illuminate\\Routing\\Pipeline.php(53): Illuminate\\Pipeline\\Pipeline->Illuminate\\Pipeline\\{closure}(Object(Illuminate\\Http\\Request))
#11 W:\\domains\\jse.kk\\vendor\\laravel\\framework\\src\\Illuminate\\Routing\\Middleware\\ThrottleRequests.php(58): Illuminate\\Routing\\Pipeline->Illuminate\\Routing\\{closure}(Object(Illuminate\\Http\\Request))
#12 W:\\domains\\jse.kk\\vendor\\laravel\\framework\\src\\Illuminate\\Pipeline\\Pipeline.php(163): Illuminate\\Routing\\Middleware\\ThrottleRequests->handle(Object(Illuminate\\Http\\Request), Object(Closure), 60, '1')
#13 W:\\domains\\jse.kk\\vendor\\laravel\\framework\\src\\Illuminate\\Routing\\Pipeline.php(53): Illuminate\\Pipeline\\Pipeline->Illuminate\\Pipeline\\{closure}(Object(Illuminate\\Http\\Request))
#14 W:\\domains\\jse.kk\\vendor\\laravel\\framework\\src\\Illuminate\\Pipeline\\Pipeline.php(104): Illuminate\\Routing\\Pipeline->Illuminate\\Routing\\{closure}(Object(Illuminate\\Http\\Request))
#15 W:\\domains\\jse.kk\\vendor\\laravel\\framework\\src\\Illuminate\\Routing\\Router.php(682): Illuminate\\Pipeline\\Pipeline->then(Object(Closure))
#16 W:\\domains\\jse.kk\\vendor\\laravel\\framework\\src\\Illuminate\\Routing\\Router.php(657): Illuminate\\Routing\\Router->runRouteWithinStack(Object(Illuminate\\Routing\\Route), Object(Illuminate\\Http\\Request))
#17 W:\\domains\\jse.kk\\vendor\\laravel\\framework\\src\\Illuminate\\Routing\\Router.php(623): Illuminate\\Routing\\Router->runRoute(Object(Illuminate\\Http\\Request), Object(Illuminate\\Routing\\Route))
#18 W:\\domains\\jse.kk\\vendor\\laravel\\framework\\src\\Illuminate\\Routing\\Router.php(612): Illuminate\\Routing\\Router->dispatchToRoute(Object(Illuminate\\Http\\Request))
#19 W:\\domains\\jse.kk\\vendor\\laravel\\framework\\src\\Illuminate\\Foundation\\Http\\Kernel.php(176): Illuminate\\Routing\\Router->dispatch(Object(Illuminate\\Http\\Request))
#20 W:\\domains\\jse.kk\\vendor\\laravel\\framework\\src\\Illuminate\\Routing\\Pipeline.php(30): Illuminate\\Foundation\\Http\\Kernel->Illuminate\\Foundation\\Http\\{closure}(Object(Illuminate\\Http\\Request))
#21 W:\\domains\\jse.kk\\vendor\\barryvdh\\laravel-cors\\src\\HandleCors.php(58): Illuminate\\Routing\\Pipeline->Illuminate\\Routing\\{closure}(Object(Illuminate\\Http\\Request))
#22 W:\\domains\\jse.kk\\vendor\\laravel\\framework\\src\\Illuminate\\Pipeline\\Pipeline.php(163): Barryvdh\\Cors\\HandleCors->handle(Object(Illuminate\\Http\\Request), Object(Closure))
#23 W:\\domains\\jse.kk\\vendor\\laravel\\framework\\src\\Illuminate\\Routing\\Pipeline.php(53): Illuminate\\Pipeline\\Pipeline->Illuminate\\Pipeline\\{closure}(Object(Illuminate\\Http\\Request))
#24 W:\\domains\\jse.kk\\vendor\\fideloper\\proxy\\src\\TrustProxies.php(57): Illuminate\\Routing\\Pipeline->Illuminate\\Routing\\{closure}(Object(Illuminate\\Http\\Request))
#25 W:\\domains\\jse.kk\\vendor\\laravel\\framework\\src\\Illuminate\\Pipeline\\Pipeline.php(163): Fideloper\\Proxy\\TrustProxies->handle(Object(Illuminate\\Http\\Request), Object(Closure))
#26 W:\\domains\\jse.kk\\vendor\\laravel\\framework\\src\\Illuminate\\Routing\\Pipeline.php(53): Illuminate\\Pipeline\\Pipeline->Illuminate\\Pipeline\\{closure}(Object(Illuminate\\Http\\Request))
#27 W:\\domains\\jse.kk\\vendor\\laravel\\framework\\src\\Illuminate\\Foundation\\Http\\Middleware\\TransformsRequest.php(21): Illuminate\\Routing\\Pipeline->Illuminate\\Routing\\{closure}(Object(Illuminate\\Http\\Request))
#28 W:\\domains\\jse.kk\\vendor\\laravel\\framework\\src\\Illuminate\\Pipeline\\Pipeline.php(163): Illuminate\\Foundation\\Http\\Middleware\\TransformsRequest->handle(Object(Illuminate\\Http\\Request), Object(Closure))
#29 W:\\domains\\jse.kk\\vendor\\laravel\\framework\\src\\Illuminate\\Routing\\Pipeline.php(53): Illuminate\\Pipeline\\Pipeline->Illuminate\\Pipeline\\{closure}(Object(Illuminate\\Http\\Request))
#30 W:\\domains\\jse.kk\\vendor\\laravel\\framework\\src\\Illuminate\\Foundation\\Http\\Middleware\\TransformsRequest.php(21): Illuminate\\Routing\\Pipeline->Illuminate\\Routing\\{closure}(Object(Illuminate\\Http\\Request))
#31 W:\\domains\\jse.kk\\vendor\\laravel\\framework\\src\\Illuminate\\Pipeline\\Pipeline.php(163): Illuminate\\Foundation\\Http\\Middleware\\TransformsRequest->handle(Object(Illuminate\\Http\\Request), Object(Closure))
#32 W:\\domains\\jse.kk\\vendor\\laravel\\framework\\src\\Illuminate\\Routing\\Pipeline.php(53): Illuminate\\Pipeline\\Pipeline->Illuminate\\Pipeline\\{closure}(Object(Illuminate\\Http\\Request))
#33 W:\\domains\\jse.kk\\vendor\\laravel\\framework\\src\\Illuminate\\Foundation\\Http\\Middleware\\ValidatePostSize.php(27): Illuminate\\Routing\\Pipeline->Illuminate\\Routing\\{closure}(Object(Illuminate\\Http\\Request))
#34 W:\\domains\\jse.kk\\vendor\\laravel\\framework\\src\\Illuminate\\Pipeline\\Pipeline.php(163): Illuminate\\Foundation\\Http\\Middleware\\ValidatePostSize->handle(Object(Illuminate\\Http\\Request), Object(Closure))
#35 W:\\domains\\jse.kk\\vendor\\laravel\\framework\\src\\Illuminate\\Routing\\Pipeline.php(53): Illuminate\\Pipeline\\Pipeline->Illuminate\\Pipeline\\{closure}(Object(Illuminate\\Http\\Request))
#36 W:\\domains\\jse.kk\\vendor\\laravel\\framework\\src\\Illuminate\\Foundation\\Http\\Middleware\\CheckForMaintenanceMode.php(62): Illuminate\\Routing\\Pipeline->Illuminate\\Routing\\{closure}(Object(Illuminate\\Http\\Request))
#37 W:\\domains\\jse.kk\\vendor\\laravel\\framework\\src\\Illuminate\\Pipeline\\Pipeline.php(163): Illuminate\\Foundation\\Http\\Middleware\\CheckForMaintenanceMode->handle(Object(Illuminate\\Http\\Request), Object(Closure))
#38 W:\\domains\\jse.kk\\vendor\\laravel\\framework\\src\\Illuminate\\Routing\\Pipeline.php(53): Illuminate\\Pipeline\\Pipeline->Illuminate\\Pipeline\\{closure}(Object(Illuminate\\Http\\Request))
#39 W:\\domains\\jse.kk\\vendor\\laravel\\framework\\src\\Illuminate\\Pipeline\\Pipeline.php(104): Illuminate\\Routing\\Pipeline->Illuminate\\Routing\\{closure}(Object(Illuminate\\Http\\Request))
#40 W:\\domains\\jse.kk\\vendor\\laravel\\framework\\src\\Illuminate\\Foundation\\Http\\Kernel.php(151): Illuminate\\Pipeline\\Pipeline->then(Object(Closure))
#41 W:\\domains\\jse.kk\\vendor\\laravel\\framework\\src\\Illuminate\\Foundation\\Http\\Kernel.php(116): Illuminate\\Foundation\\Http\\Kernel->sendRequestThroughRouter(Object(Illuminate\\Http\\Request))
#42 W:\\domains\\jse.kk\\public\\index.php(55): Illuminate\\Foundation\\Http\\Kernel->handle(Object(Illuminate\\Http\\Request))
#43 {main}
"} 
[2019-05-23 00:20:00] local.ERROR: Too few arguments to function App\Classes\Indicators\Macd::calculate(), 1 passed in W:\domains\jse.kk\app\Classes\Trading\CandleMaker.php on line 227 and exactly 3 expected {"exception":"[object] (Symfony\\Component\\Debug\\Exception\\FatalThrowableError(code: 0): Too few arguments to function App\\Classes\\Indicators\\Macd::calculate(), 1 passed in W:\\domains\\jse.kk\\app\\Classes\\Trading\\CandleMaker.php on line 227 and exactly 3 expected at W:\\domains\\jse.kk\\app\\Classes\\Indicators\\Macd.php:23)
[stacktrace]
#0 W:\\domains\\jse.kk\\app\\Classes\\Trading\\CandleMaker.php(227): App\\Classes\\Indicators\\Macd::calculate(Array)
#1 W:\\domains\\jse.kk\\app\\Classes\\Trading\\CandleMaker.php(127): App\\Classes\\Trading\\CandleMaker->indicatorsCalculate(NULL, 'pc_bot4', Array)
#2 W:\\domains\\jse.kk\\app\\Classes\\WebSocket\\ConsoleWebSocket.php(32): App\\Classes\\Trading\\CandleMaker->index(7591, '2019-05-23T00:2...', 1, Object(App\\Classes\\Trading\\MacdTradesTrigger), Object(App\\Console\\Commands\\Mc), NULL, Array)
#3 W:\\domains\\jse.kk\\app\\Classes\\WebSocket\\BitmexWsListener.php(38): App\\Classes\\WebSocket\\ConsoleWebSocket::messageParse(Array, Object(App\\Console\\Commands\\Mc), Object(App\\Classes\\Trading\\CandleMaker), Object(App\\Classes\\Trading\\MacdTradesTrigger), NULL, Array)
#4 W:\\domains\\jse.kk\\vendor\\evenement\\evenement\\src\\Evenement\\EventEmitterTrait.php(123): App\\Classes\\WebSocket\\BitmexWsListener::App\\Classes\\WebSocket\\{closure}(Object(Ratchet\\RFC6455\\Messaging\\Message), Object(Ratchet\\Client\\WebSocket))
#5 W:\\domains\\jse.kk\\vendor\atchet\\pawl\\src\\WebSocket.php(72): Ratchet\\Client\\WebSocket->emit('message', Array)
#6 W:\\domains\\jse.kk\\vendor\atchet\fc6455\\src\\Messaging\\MessageBuffer.php(108): Ratchet\\Client\\WebSocket->Ratchet\\Client\\{closure}(Object(Ratchet\\RFC6455\\Messaging\\Message))
#7 W:\\domains\\jse.kk\\vendor\atchet\fc6455\\src\\Messaging\\MessageBuffer.php(60): Ratchet\\RFC6455\\Messaging\\MessageBuffer->processData('\\x81~\\x00\\xBA{\"table\":\"i...')
#8 W:\\domains\\jse.kk\\vendor\\evenement\\evenement\\src\\Evenement\\EventEmitterTrait.php(123): Ratchet\\RFC6455\\Messaging\\MessageBuffer->onData('\\x81~\\x00\\xBA{\"table\":\"i...')
#9 W:\\domains\\jse.kk\\vendor\eact\\stream\\src\\Util.php(71): Evenement\\EventEmitter->emit('data', Array)
#10 W:\\domains\\jse.kk\\vendor\\evenement\\evenement\\src\\Evenement\\EventEmitterTrait.php(123): React\\Stream\\Util::React\\Stream\\{closure}('\\x81~\\x00\\xBA{\"table\":\"i...')
#11 W:\\domains\\jse.kk\\vendor\eact\\stream\\src\\DuplexResourceStream.php(193): Evenement\\EventEmitter->emit('data', Array)
#12 W:\\domains\\jse.kk\\vendor\eact\\event-loop\\src\\StreamSelectLoop.php(244): React\\Stream\\DuplexResourceStream->handleData(Resource id #570)
#13 W:\\domains\\jse.kk\\vendor\eact\\event-loop\\src\\StreamSelectLoop.php(211): React\\EventLoop\\StreamSelectLoop->waitForStreamActivity(NULL)
#14 W:\\domains\\jse.kk\\app\\Classes\\WebSocket\\BitmexWsListener.php(66): React\\EventLoop\\StreamSelectLoop->run()
#15 W:\\domains\\jse.kk\\app\\Console\\Commands\\Mc.php(93): App\\Classes\\WebSocket\\BitmexWsListener::subscribe(Object(Ratchet\\Client\\Connector), Object(React\\EventLoop\\StreamSelectLoop), Object(App\\Console\\Commands\\Mc), Object(App\\Classes\\Trading\\CandleMaker), Object(App\\Classes\\Trading\\MacdTradesTrigger), 'XBTUSD', NULL, Array)
#16 [internal function]: App\\Console\\Commands\\Mc->handle()
#17 W:\\domains\\jse.kk\\vendor\\laravel\\framework\\src\\Illuminate\\Container\\BoundMethod.php(32): call_user_func_array(Array, Array)
#18 W:\\domains\\jse.kk\\vendor\\laravel\\framework\\src\\Illuminate\\Container\\BoundMethod.php(90): Illuminate\\Container\\BoundMethod::Illuminate\\Container\\{closure}()
#19 W:\\domains\\jse.kk\\vendor\\laravel\\framework\\src\\Illuminate\\Container\\BoundMethod.php(34): Illuminate\\Container\\BoundMethod::callBoundMethod(Object(Illuminate\\Foundation\\Application), Array, Object(Closure))
#20 W:\\domains\\jse.kk\\vendor\\laravel\\framework\\src\\Illuminate\\Container\\Container.php(580): Illuminate\\Container\\BoundMethod::call(Object(Illuminate\\Foundation\\Application), Array, Array, NULL)
#21 W:\\domains\\jse.kk\\vendor\\laravel\\framework\\src\\Illuminate\\Console\\Command.php(183): Illuminate\\Container\\Container->call(Array)
#22 W:\\domains\\jse.kk\\vendor\\symfony\\console\\Command\\Command.php(255): Illuminate\\Console\\Command->execute(Object(Symfony\\Component\\Console\\Input\\ArgvInput), Object(Illuminate\\Console\\OutputStyle))
#23 W:\\domains\\jse.kk\\vendor\\laravel\\framework\\src\\Illuminate\\Console\\Command.php(170): Symfony\\Component\\Console\\Command\\Command->run(Object(Symfony\\Component\\Console\\Input\\ArgvInput), Object(Illuminate\\Console\\OutputStyle))
#24 W:\\domains\\jse.kk\\vendor\\symfony\\console\\Application.php(908): Illuminate\\Console\\Command->run(Object(Symfony\\Component\\Console\\Input\\ArgvInput), Object(Symfony\\Component\\Console\\Output\\ConsoleOutput))
#25 W:\\domains\\jse.kk\\vendor\\symfony\\console\\Application.php(269): Symfony\\Component\\Console\\Application->doRunCommand(Object(App\\Console\\Commands\\Mc), Object(Symfony\\Component\\Console\\Input\\ArgvInput), Object(Symfony\\Component\\Console\\Output\\ConsoleOutput))
#26 W:\\domains\\jse.kk\\vendor\\symfony\\console\\Application.php(145): Symfony\\Component\\Console\\Application->doRun(Object(Symfony\\Component\\Console\\Input\\ArgvInput), Object(Symfony\\Component\\Console\\Output\\ConsoleOutput))
#27 W:\\domains\\jse.kk\\vendor\\laravel\\framework\\src\\Illuminate\\Console\\Application.php(90): Symfony\\Component\\Console\\Application->run(Object(Symfony\\Component\\Console\\Input\\ArgvInput), Object(Symfony\\Component\\Console\\Output\\ConsoleOutput))
#28 W:\\domains\\jse.kk\\vendor\\laravel\\framework\\src\\Illuminate\\Foundation\\Console\\Kernel.php(122): Illuminate\\Console\\Application->run(Object(Symfony\\Component\\Console\\Input\\ArgvInput), Object(Symfony\\Component\\Console\\Output\\ConsoleOutput))
#29 W:\\domains\\jse.kk\\artisan(37): Illuminate\\Foundation\\Console\\Kernel->handle(Object(Symfony\\Component\\Console\\Input\\ArgvInput), Object(Symfony\\Component\\Console\\Output\\ConsoleOutput))
#30 {main}
"} 
[2019-05-23 00:24:00] local.ERROR: SQLSTATE[42S02]: Base table or view not found: 1146 Table 'jse.asset_1' doesn't exist (SQL: select * from `asset_1` order by `id` desc limit 1) {"exception":"[object] (Illuminate\\Database\\QueryException(code: 42S02): SQLSTATE[42S02]: Base table or view not found: 1146 Table 'jse.asset_1' doesn't exist (SQL: select * from `asset_1` order by `id` desc limit 1) at W:\\domains\\jse.kk\\vendor\\laravel\\framework\\src\\Illuminate\\Database\\Connection.php:664, PDOException(code: 42S02): SQLSTATE[42S02]: Base table or view not found: 1146 Table 'jse.asset_1' doesn't exist at W:\\domains\\jse.kk\\vendor\\laravel\\framework\\src\\Illuminate\\Database\\Connection.php:326)
[stacktrace]
#0 W:\\domains\\jse.kk\\vendor\\laravel\\framework\\src\\Illuminate\\Database\\Connection.php(624): Illuminate\\Database\\Connection->runQueryCallback('select * from `...', Array, Object(Closure))
#1 W:\\domains\\jse.kk\\vendor\\laravel\\framework\\src\\Illuminate\\Database\\Connection.php(333): Illuminate\\Database\\Connection->run('select * from `...', Array, Object(Closure))
#2 W:\\domains\\jse.kk\\vendor\\laravel\\framework\\src\\Illuminate\\Database\\Query\\Builder.php(2120): Illuminate\\Database\\Connection->select('select * from `...', Array, true)
#3 W:\\domains\\jse.kk\\vendor\\laravel\\framework\\src\\Illuminate\\Database\\Query\\Builder.php(2108): Illuminate\\Database\\Query\\Builder->runSelect()
#4 W:\\domains\\jse.kk\\vendor\\laravel\\framework\\src\\Illuminate\\Database\\Query\\Builder.php(2594): Illuminate\\Database\\Query\\Builder->Illuminate\\Database\\Query\\{closure}()
#5 W:\\domains\\jse.kk\\vendor\\laravel\\framework\\src\\Illuminate\\Database\\Query\\Builder.php(2109): Illuminate\\Database\\Query\\Builder->onceWithColumns(Array, Object(Closure))
#6 W:\\domains\\jse.kk\\app\\Classes\\Trading\\MacdTradesTrigger.php(60): Illuminate\\Database\\Query\\Builder->get()
#7 W:\\domains\\jse.kk\\app\\Classes\\Trading\\CandleMaker.php(130): App\\Classes\\Trading\\MacdTradesTrigger->index('2019-05-23 0:24...', 1558571038000)
#8 W:\\domains\\jse.kk\\app\\Classes\\WebSocket\\ConsoleWebSocket.php(32): App\\Classes\\Trading\\CandleMaker->index(7608, '2019-05-23T00:2...', 1, Object(App\\Classes\\Trading\\MacdTradesTrigger), Object(App\\Console\\Commands\\Mc), NULL, Array)
#9 W:\\domains\\jse.kk\\app\\Classes\\WebSocket\\BitmexWsListener.php(38): App\\Classes\\WebSocket\\ConsoleWebSocket::messageParse(Array, Object(App\\Console\\Commands\\Mc), Object(App\\Classes\\Trading\\CandleMaker), Object(App\\Classes\\Trading\\MacdTradesTrigger), NULL, Array)
#10 W:\\domains\\jse.kk\\vendor\\evenement\\evenement\\src\\Evenement\\EventEmitterTrait.php(123): App\\Classes\\WebSocket\\BitmexWsListener::App\\Classes\\WebSocket\\{closure}(Object(Ratchet\\RFC6455\\Messaging\\Message), Object(Ratchet\\Client\\WebSocket))
#11 W:\\domains\\jse.kk\\vendor\atchet\\pawl\\src\\WebSocket.php(72): Ratchet\\Client\\WebSocket->emit('message', Array)
#12 W:\\domains\\jse.kk\\vendor\atchet\fc6455\\src\\Messaging\\MessageBuffer.php(108): Ratchet\\Client\\WebSocket->Ratchet\\Client\\{closure}(Object(Ratchet\\RFC6455\\Messaging\\Message))
#13 W:\\domains\\jse.kk\\vendor\atchet\fc6455\\src\\Messaging\\MessageBuffer.php(60): Ratchet\\RFC6455\\Messaging\\MessageBuffer->processData('\\x81~\\x00\\xB6{\"table\":\"i...')
#14 W:\\domains\\jse.kk\\vendor\\evenement\\evenement\\src\\Evenement\\EventEmitterTrait.php(123): Ratchet\\RFC6455\\Messaging\\MessageBuffer->onData('\\x81~\\x00\\xB6{\"table\":\"i...')
#15 W:\\domains\\jse.kk\\vendor\eact\\stream\\src\\Util.php(71): Evenement\\EventEmitter->emit('data', Array)
#16 W:\\domains\\jse.kk\\vendor\\evenement\\evenement\\src\\Evenement\\EventEmitterTrait.php(123): React\\Stream\\Util::React\\Stream\\{closure}('\\x81~\\x00\\xB6{\"table\":\"i...')
#17 W:\\domains\\jse.kk\\vendor\eact\\stream\\src\\DuplexResourceStream.php(193): Evenement\\EventEmitter->emit('data', Array)
#18 W:\\domains\\jse.kk\\vendor\eact\\event-loop\\src\\StreamSelectLoop.php(244): React\\Stream\\DuplexResourceStream->handleData(Resource id #570)
#19 W:\\domains\\jse.kk\\vendor\eact\\event-loop\\src\\StreamSelectLoop.php(211): React\\EventLoop\\StreamSelectLoop->waitForStreamActivity(NULL)
#20 W:\\domains\\jse.kk\\app\\Classes\\WebSocket\\BitmexWsListener.php(66): React\\EventLoop\\StreamSelectLoop->run()
#21 W:\\domains\\jse.kk\\app\\Console\\Commands\\Mc.php(93): App\\Classes\\WebSocket\\BitmexWsListener::subscribe(Object(Ratchet\\Client\\Connector), Object(React\\EventLoop\\StreamSelectLoop), Object(App\\Console\\Commands\\Mc), Object(App\\Classes\\Trading\\CandleMaker), Object(App\\Classes\\Trading\\MacdTradesTrigger), 'XBTUSD', NULL, Array)
#22 [internal function]: App\\Console\\Commands\\Mc->handle()
#23 W:\\domains\\jse.kk\\vendor\\laravel\\framework\\src\\Illuminate\\Container\\BoundMethod.php(32): call_user_func_array(Array, Array)
#24 W:\\domains\\jse.kk\\vendor\\laravel\\framework\\src\\Illuminate\\Container\\BoundMethod.php(90): Illuminate\\Container\\BoundMethod::Illuminate\\Container\\{closure}()
#25 W:\\domains\\jse.kk\\vendor\\laravel\\framework\\src\\Illuminate\\Container\\BoundMethod.php(34): Illuminate\\Container\\BoundMethod::callBoundMethod(Object(Illuminate\\Foundation\\Application), Array, Object(Closure))
#26 W:\\domains\\jse.kk\\vendor\\laravel\\framework\\src\\Illuminate\\Container\\Container.php(580): Illuminate\\Container\\BoundMethod::call(Object(Illuminate\\Foundation\\Application), Array, Array, NULL)
#27 W:\\domains\\jse.kk\\vendor\\laravel\\framework\\src\\Illuminate\\Console\\Command.php(183): Illuminate\\Container\\Container->call(Array)
#28 W:\\domains\\jse.kk\\vendor\\symfony\\console\\Command\\Command.php(255): Illuminate\\Console\\Command->execute(Object(Symfony\\Component\\Console\\Input\\ArgvInput), Object(Illuminate\\Console\\OutputStyle))
#29 W:\\domains\\jse.kk\\vendor\\laravel\\framework\\src\\Illuminate\\Console\\Command.php(170): Symfony\\Component\\Console\\Command\\Command->run(Object(Symfony\\Component\\Console\\Input\\ArgvInput), Object(Illuminate\\Console\\OutputStyle))
#30 W:\\domains\\jse.kk\\vendor\\symfony\\console\\Application.php(908): Illuminate\\Console\\Command->run(Object(Symfony\\Component\\Console\\Input\\ArgvInput), Object(Symfony\\Component\\Console\\Output\\ConsoleOutput))
#31 W:\\domains\\jse.kk\\vendor\\symfony\\console\\Application.php(269): Symfony\\Component\\Console\\Application->doRunCommand(Object(App\\Console\\Commands\\Mc), Object(Symfony\\Component\\Console\\Input\\ArgvInput), Object(Symfony\\Component\\Console\\Output\\ConsoleOutput))
#32 W:\\domains\\jse.kk\\vendor\\symfony\\console\\Application.php(145): Symfony\\Component\\Console\\Application->doRun(Object(Symfony\\Component\\Console\\Input\\ArgvInput), Object(Symfony\\Component\\Console\\Output\\ConsoleOutput))
#33 W:\\domains\\jse.kk\\vendor\\laravel\\framework\\src\\Illuminate\\Console\\Application.php(90): Symfony\\Component\\Console\\Application->run(Object(Symfony\\Component\\Console\\Input\\ArgvInput), Object(Symfony\\Component\\Console\\Output\\ConsoleOutput))
#34 W:\\domains\\jse.kk\\vendor\\laravel\\framework\\src\\Illuminate\\Foundation\\Console\\Kernel.php(122): Illuminate\\Console\\Application->run(Object(Symfony\\Component\\Console\\Input\\ArgvInput), Object(Symfony\\Component\\Console\\Output\\ConsoleOutput))
#35 W:\\domains\\jse.kk\\artisan(37): Illuminate\\Foundation\\Console\\Kernel->handle(Object(Symfony\\Component\\Console\\Input\\ArgvInput), Object(Symfony\\Component\\Console\\Output\\ConsoleOutput))
#36 {main}
"} 
[2019-05-23 00:35:23] local.ERROR: Too few arguments to function App\Classes\Trading\MacdTradesTrigger::__construct(), 2 passed in W:\domains\jse.kk\app\Console\Commands\Mc.php on line 90 and exactly 3 expected {"exception":"[object] (Symfony\\Component\\Debug\\Exception\\FatalThrowableError(code: 0): Too few arguments to function App\\Classes\\Trading\\MacdTradesTrigger::__construct(), 2 passed in W:\\domains\\jse.kk\\app\\Console\\Commands\\Mc.php on line 90 and exactly 3 expected at W:\\domains\\jse.kk\\app\\Classes\\Trading\\MacdTradesTrigger.php:40)
[stacktrace]
#0 W:\\domains\\jse.kk\\app\\Console\\Commands\\Mc.php(90): App\\Classes\\Trading\\MacdTradesTrigger->__construct('BTC/USD', 10)
#1 [internal function]: App\\Console\\Commands\\Mc->handle()
#2 W:\\domains\\jse.kk\\vendor\\laravel\\framework\\src\\Illuminate\\Container\\BoundMethod.php(32): call_user_func_array(Array, Array)
#3 W:\\domains\\jse.kk\\vendor\\laravel\\framework\\src\\Illuminate\\Container\\BoundMethod.php(90): Illuminate\\Container\\BoundMethod::Illuminate\\Container\\{closure}()
#4 W:\\domains\\jse.kk\\vendor\\laravel\\framework\\src\\Illuminate\\Container\\BoundMethod.php(34): Illuminate\\Container\\BoundMethod::callBoundMethod(Object(Illuminate\\Foundation\\Application), Array, Object(Closure))
#5 W:\\domains\\jse.kk\\vendor\\laravel\\framework\\src\\Illuminate\\Container\\Container.php(580): Illuminate\\Container\\BoundMethod::call(Object(Illuminate\\Foundation\\Application), Array, Array, NULL)
#6 W:\\domains\\jse.kk\\vendor\\laravel\\framework\\src\\Illuminate\\Console\\Command.php(183): Illuminate\\Container\\Container->call(Array)
#7 W:\\domains\\jse.kk\\vendor\\symfony\\console\\Command\\Command.php(255): Illuminate\\Console\\Command->execute(Object(Symfony\\Component\\Console\\Input\\ArgvInput), Object(Illuminate\\Console\\OutputStyle))
#8 W:\\domains\\jse.kk\\vendor\\laravel\\framework\\src\\Illuminate\\Console\\Command.php(170): Symfony\\Component\\Console\\Command\\Command->run(Object(Symfony\\Component\\Console\\Input\\ArgvInput), Object(Illuminate\\Console\\OutputStyle))
#9 W:\\domains\\jse.kk\\vendor\\symfony\\console\\Application.php(908): Illuminate\\Console\\Command->run(Object(Symfony\\Component\\Console\\Input\\ArgvInput), Object(Symfony\\Component\\Console\\Output\\ConsoleOutput))
#10 W:\\domains\\jse.kk\\vendor\\symfony\\console\\Application.php(269): Symfony\\Component\\Console\\Application->doRunCommand(Object(App\\Console\\Commands\\Mc), Object(Symfony\\Component\\Console\\Input\\ArgvInput), Object(Symfony\\Component\\Console\\Output\\ConsoleOutput))
#11 W:\\domains\\jse.kk\\vendor\\symfony\\console\\Application.php(145): Symfony\\Component\\Console\\Application->doRun(Object(Symfony\\Component\\Console\\Input\\ArgvInput), Object(Symfony\\Component\\Console\\Output\\ConsoleOutput))
#12 W:\\domains\\jse.kk\\vendor\\laravel\\framework\\src\\Illuminate\\Console\\Application.php(90): Symfony\\Component\\Console\\Application->run(Object(Symfony\\Component\\Console\\Input\\ArgvInput), Object(Symfony\\Component\\Console\\Output\\ConsoleOutput))
#13 W:\\domains\\jse.kk\\vendor\\laravel\\framework\\src\\Illuminate\\Foundation\\Console\\Kernel.php(122): Illuminate\\Console\\Application->run(Object(Symfony\\Component\\Console\\Input\\ArgvInput), Object(Symfony\\Component\\Console\\Output\\ConsoleOutput))
#14 W:\\domains\\jse.kk\\artisan(37): Illuminate\\Foundation\\Console\\Kernel->handle(Object(Symfony\\Component\\Console\\Input\\ArgvInput), Object(Symfony\\Component\\Console\\Output\\ConsoleOutput))
#15 {main}
"} 
[2019-05-23 00:38:00] local.ERROR: SQLSTATE[42S02]: Base table or view not found: 1146 Table 'jse.asset_1' doesn't exist (SQL: select * from `asset_1` order by `id` desc limit 1) {"exception":"[object] (Illuminate\\Database\\QueryException(code: 42S02): SQLSTATE[42S02]: Base table or view not found: 1146 Table 'jse.asset_1' doesn't exist (SQL: select * from `asset_1` order by `id` desc limit 1) at W:\\domains\\jse.kk\\vendor\\laravel\\framework\\src\\Illuminate\\Database\\Connection.php:664, PDOException(code: 42S02): SQLSTATE[42S02]: Base table or view not found: 1146 Table 'jse.asset_1' doesn't exist at W:\\domains\\jse.kk\\vendor\\laravel\\framework\\src\\Illuminate\\Database\\Connection.php:326)
[stacktrace]
#0 W:\\domains\\jse.kk\\vendor\\laravel\\framework\\src\\Illuminate\\Database\\Connection.php(624): Illuminate\\Database\\Connection->runQueryCallback('select * from `...', Array, Object(Closure))
#1 W:\\domains\\jse.kk\\vendor\\laravel\\framework\\src\\Illuminate\\Database\\Connection.php(333): Illuminate\\Database\\Connection->run('select * from `...', Array, Object(Closure))
#2 W:\\domains\\jse.kk\\vendor\\laravel\\framework\\src\\Illuminate\\Database\\Query\\Builder.php(2120): Illuminate\\Database\\Connection->select('select * from `...', Array, true)
#3 W:\\domains\\jse.kk\\vendor\\laravel\\framework\\src\\Illuminate\\Database\\Query\\Builder.php(2108): Illuminate\\Database\\Query\\Builder->runSelect()
#4 W:\\domains\\jse.kk\\vendor\\laravel\\framework\\src\\Illuminate\\Database\\Query\\Builder.php(2594): Illuminate\\Database\\Query\\Builder->Illuminate\\Database\\Query\\{closure}()
#5 W:\\domains\\jse.kk\\vendor\\laravel\\framework\\src\\Illuminate\\Database\\Query\\Builder.php(2109): Illuminate\\Database\\Query\\Builder->onceWithColumns(Array, Object(Closure))
#6 W:\\domains\\jse.kk\\app\\Classes\\Trading\\MacdTradesTrigger.php(61): Illuminate\\Database\\Query\\Builder->get()
#7 W:\\domains\\jse.kk\\app\\Classes\\Trading\\CandleMaker.php(130): App\\Classes\\Trading\\MacdTradesTrigger->index('2019-05-23 0:38...', 1558571866000)
#8 W:\\domains\\jse.kk\\app\\Classes\\WebSocket\\ConsoleWebSocket.php(32): App\\Classes\\Trading\\CandleMaker->index(7612.5, '2019-05-23T00:3...', 1, Object(App\\Classes\\Trading\\MacdTradesTrigger), Object(App\\Console\\Commands\\Mc), NULL, Array)
#9 W:\\domains\\jse.kk\\app\\Classes\\WebSocket\\BitmexWsListener.php(38): App\\Classes\\WebSocket\\ConsoleWebSocket::messageParse(Array, Object(App\\Console\\Commands\\Mc), Object(App\\Classes\\Trading\\CandleMaker), Object(App\\Classes\\Trading\\MacdTradesTrigger), NULL, Array)
#10 W:\\domains\\jse.kk\\vendor\\evenement\\evenement\\src\\Evenement\\EventEmitterTrait.php(123): App\\Classes\\WebSocket\\BitmexWsListener::App\\Classes\\WebSocket\\{closure}(Object(Ratchet\\RFC6455\\Messaging\\Message), Object(Ratchet\\Client\\WebSocket))
#11 W:\\domains\\jse.kk\\vendor\atchet\\pawl\\src\\WebSocket.php(72): Ratchet\\Client\\WebSocket->emit('message', Array)
#12 W:\\domains\\jse.kk\\vendor\atchet\fc6455\\src\\Messaging\\MessageBuffer.php(108): Ratchet\\Client\\WebSocket->Ratchet\\Client\\{closure}(Object(Ratchet\\RFC6455\\Messaging\\Message))
#13 W:\\domains\\jse.kk\\vendor\atchet\fc6455\\src\\Messaging\\MessageBuffer.php(60): Ratchet\\RFC6455\\Messaging\\MessageBuffer->processData('\\x81~\\x00\\xA3{\"table\":\"i...')
#14 W:\\domains\\jse.kk\\vendor\\evenement\\evenement\\src\\Evenement\\EventEmitterTrait.php(123): Ratchet\\RFC6455\\Messaging\\MessageBuffer->onData('\\x81~\\x00\\xA3{\"table\":\"i...')
#15 W:\\domains\\jse.kk\\vendor\eact\\stream\\src\\Util.php(71): Evenement\\EventEmitter->emit('data', Array)
#16 W:\\domains\\jse.kk\\vendor\\evenement\\evenement\\src\\Evenement\\EventEmitterTrait.php(123): React\\Stream\\Util::React\\Stream\\{closure}('\\x81~\\x00\\xA3{\"table\":\"i...')
#17 W:\\domains\\jse.kk\\vendor\eact\\stream\\src\\DuplexResourceStream.php(193): Evenement\\EventEmitter->emit('data', Array)
#18 W:\\domains\\jse.kk\\vendor\eact\\event-loop\\src\\StreamSelectLoop.php(244): React\\Stream\\DuplexResourceStream->handleData(Resource id #570)
#19 W:\\domains\\jse.kk\\vendor\eact\\event-loop\\src\\StreamSelectLoop.php(211): React\\EventLoop\\StreamSelectLoop->waitForStreamActivity(NULL)
#20 W:\\domains\\jse.kk\\app\\Classes\\WebSocket\\BitmexWsListener.php(66): React\\EventLoop\\StreamSelectLoop->run()
#21 W:\\domains\\jse.kk\\app\\Console\\Commands\\Mc.php(94): App\\Classes\\WebSocket\\BitmexWsListener::subscribe(Object(Ratchet\\Client\\Connector), Object(React\\EventLoop\\StreamSelectLoop), Object(App\\Console\\Commands\\Mc), Object(App\\Classes\\Trading\\CandleMaker), Object(App\\Classes\\Trading\\MacdTradesTrigger), 'XBTUSD', NULL, Array)
#22 [internal function]: App\\Console\\Commands\\Mc->handle()
#23 W:\\domains\\jse.kk\\vendor\\laravel\\framework\\src\\Illuminate\\Container\\BoundMethod.php(32): call_user_func_array(Array, Array)
#24 W:\\domains\\jse.kk\\vendor\\laravel\\framework\\src\\Illuminate\\Container\\BoundMethod.php(90): Illuminate\\Container\\BoundMethod::Illuminate\\Container\\{closure}()
#25 W:\\domains\\jse.kk\\vendor\\laravel\\framework\\src\\Illuminate\\Container\\BoundMethod.php(34): Illuminate\\Container\\BoundMethod::callBoundMethod(Object(Illuminate\\Foundation\\Application), Array, Object(Closure))
#26 W:\\domains\\jse.kk\\vendor\\laravel\\framework\\src\\Illuminate\\Container\\Container.php(580): Illuminate\\Container\\BoundMethod::call(Object(Illuminate\\Foundation\\Application), Array, Array, NULL)
#27 W:\\domains\\jse.kk\\vendor\\laravel\\framework\\src\\Illuminate\\Console\\Command.php(183): Illuminate\\Container\\Container->call(Array)
#28 W:\\domains\\jse.kk\\vendor\\symfony\\console\\Command\\Command.php(255): Illuminate\\Console\\Command->execute(Object(Symfony\\Component\\Console\\Input\\ArgvInput), Object(Illuminate\\Console\\OutputStyle))
#29 W:\\domains\\jse.kk\\vendor\\laravel\\framework\\src\\Illuminate\\Console\\Command.php(170): Symfony\\Component\\Console\\Command\\Command->run(Object(Symfony\\Component\\Console\\Input\\ArgvInput), Object(Illuminate\\Console\\OutputStyle))
#30 W:\\domains\\jse.kk\\vendor\\symfony\\console\\Application.php(908): Illuminate\\Console\\Command->run(Object(Symfony\\Component\\Console\\Input\\ArgvInput), Object(Symfony\\Component\\Console\\Output\\ConsoleOutput))
#31 W:\\domains\\jse.kk\\vendor\\symfony\\console\\Application.php(269): Symfony\\Component\\Console\\Application->doRunCommand(Object(App\\Console\\Commands\\Mc), Object(Symfony\\Component\\Console\\Input\\ArgvInput), Object(Symfony\\Component\\Console\\Output\\ConsoleOutput))
#32 W:\\domains\\jse.kk\\vendor\\symfony\\console\\Application.php(145): Symfony\\Component\\Console\\Application->doRun(Object(Symfony\\Component\\Console\\Input\\ArgvInput), Object(Symfony\\Component\\Console\\Output\\ConsoleOutput))
#33 W:\\domains\\jse.kk\\vendor\\laravel\\framework\\src\\Illuminate\\Console\\Application.php(90): Symfony\\Component\\Console\\Application->run(Object(Symfony\\Component\\Console\\Input\\ArgvInput), Object(Symfony\\Component\\Console\\Output\\ConsoleOutput))
#34 W:\\domains\\jse.kk\\vendor\\laravel\\framework\\src\\Illuminate\\Foundation\\Console\\Kernel.php(122): Illuminate\\Console\\Application->run(Object(Symfony\\Component\\Console\\Input\\ArgvInput), Object(Symfony\\Component\\Console\\Output\\ConsoleOutput))
#35 W:\\domains\\jse.kk\\artisan(37): Illuminate\\Foundation\\Console\\Kernel->handle(Object(Symfony\\Component\\Console\\Input\\ArgvInput), Object(Symfony\\Component\\Console\\Output\\ConsoleOutput))
#36 {main}
"} 
[2019-05-23 00:40:02] local.ERROR: Class 'App\Classes\Trading\PlaceOrder' not found {"exception":"[object] (Symfony\\Component\\Debug\\Exception\\FatalThrowableError(code: 0): Class 'App\\Classes\\Trading\\PlaceOrder' not found at W:\\domains\\jse.kk\\app\\Classes\\Trading\\MacdTradesTrigger.php:172)
[stacktrace]
#0 W:\\domains\\jse.kk\\app\\Classes\\Trading\\CandleMaker.php(130): App\\Classes\\Trading\\MacdTradesTrigger->index('2019-05-23 0:40...', 1558571941000)
#1 W:\\domains\\jse.kk\\app\\Classes\\WebSocket\\ConsoleWebSocket.php(32): App\\Classes\\Trading\\CandleMaker->index(7627.5, '2019-05-23T00:4...', 1, Object(App\\Classes\\Trading\\MacdTradesTrigger), Object(App\\Console\\Commands\\Mc), NULL, Array)
#2 W:\\domains\\jse.kk\\app\\Classes\\WebSocket\\BitmexWsListener.php(38): App\\Classes\\WebSocket\\ConsoleWebSocket::messageParse(Array, Object(App\\Console\\Commands\\Mc), Object(App\\Classes\\Trading\\CandleMaker), Object(App\\Classes\\Trading\\MacdTradesTrigger), NULL, Array)
#3 W:\\domains\\jse.kk\\vendor\\evenement\\evenement\\src\\Evenement\\EventEmitterTrait.php(123): App\\Classes\\WebSocket\\BitmexWsListener::App\\Classes\\WebSocket\\{closure}(Object(Ratchet\\RFC6455\\Messaging\\Message), Object(Ratchet\\Client\\WebSocket))
#4 W:\\domains\\jse.kk\\vendor\atchet\\pawl\\src\\WebSocket.php(72): Ratchet\\Client\\WebSocket->emit('message', Array)
#5 W:\\domains\\jse.kk\\vendor\atchet\fc6455\\src\\Messaging\\MessageBuffer.php(108): Ratchet\\Client\\WebSocket->Ratchet\\Client\\{closure}(Object(Ratchet\\RFC6455\\Messaging\\Message))
#6 W:\\domains\\jse.kk\\vendor\atchet\fc6455\\src\\Messaging\\MessageBuffer.php(60): Ratchet\\RFC6455\\Messaging\\MessageBuffer->processData('\\x81~\\x00\\xB8{\"table\":\"i...')
#7 W:\\domains\\jse.kk\\vendor\\evenement\\evenement\\src\\Evenement\\EventEmitterTrait.php(123): Ratchet\\RFC6455\\Messaging\\MessageBuffer->onData('\\x81~\\x00\\xB8{\"table\":\"i...')
#8 W:\\domains\\jse.kk\\vendor\eact\\stream\\src\\Util.php(71): Evenement\\EventEmitter->emit('data', Array)
#9 W:\\domains\\jse.kk\\vendor\\evenement\\evenement\\src\\Evenement\\EventEmitterTrait.php(123): React\\Stream\\Util::React\\Stream\\{closure}('\\x81~\\x00\\xB8{\"table\":\"i...')
#10 W:\\domains\\jse.kk\\vendor\eact\\stream\\src\\DuplexResourceStream.php(193): Evenement\\EventEmitter->emit('data', Array)
#11 W:\\domains\\jse.kk\\vendor\eact\\event-loop\\src\\StreamSelectLoop.php(244): React\\Stream\\DuplexResourceStream->handleData(Resource id #570)
#12 W:\\domains\\jse.kk\\vendor\eact\\event-loop\\src\\StreamSelectLoop.php(211): React\\EventLoop\\StreamSelectLoop->waitForStreamActivity(NULL)
#13 W:\\domains\\jse.kk\\app\\Classes\\WebSocket\\BitmexWsListener.php(66): React\\EventLoop\\StreamSelectLoop->run()
#14 W:\\domains\\jse.kk\\app\\Console\\Commands\\Mc.php(94): App\\Classes\\WebSocket\\BitmexWsListener::subscribe(Object(Ratchet\\Client\\Connector), Object(React\\EventLoop\\StreamSelectLoop), Object(App\\Console\\Commands\\Mc), Object(App\\Classes\\Trading\\CandleMaker), Object(App\\Classes\\Trading\\MacdTradesTrigger), 'XBTUSD', NULL, Array)
#15 [internal function]: App\\Console\\Commands\\Mc->handle()
#16 W:\\domains\\jse.kk\\vendor\\laravel\\framework\\src\\Illuminate\\Container\\BoundMethod.php(32): call_user_func_array(Array, Array)
#17 W:\\domains\\jse.kk\\vendor\\laravel\\framework\\src\\Illuminate\\Container\\BoundMethod.php(90): Illuminate\\Container\\BoundMethod::Illuminate\\Container\\{closure}()
#18 W:\\domains\\jse.kk\\vendor\\laravel\\framework\\src\\Illuminate\\Container\\BoundMethod.php(34): Illuminate\\Container\\BoundMethod::callBoundMethod(Object(Illuminate\\Foundation\\Application), Array, Object(Closure))
#19 W:\\domains\\jse.kk\\vendor\\laravel\\framework\\src\\Illuminate\\Container\\Container.php(580): Illuminate\\Container\\BoundMethod::call(Object(Illuminate\\Foundation\\Application), Array, Array, NULL)
#20 W:\\domains\\jse.kk\\vendor\\laravel\\framework\\src\\Illuminate\\Console\\Command.php(183): Illuminate\\Container\\Container->call(Array)
#21 W:\\domains\\jse.kk\\vendor\\symfony\\console\\Command\\Command.php(255): Illuminate\\Console\\Command->execute(Object(Symfony\\Component\\Console\\Input\\ArgvInput), Object(Illuminate\\Console\\OutputStyle))
#22 W:\\domains\\jse.kk\\vendor\\laravel\\framework\\src\\Illuminate\\Console\\Command.php(170): Symfony\\Component\\Console\\Command\\Command->run(Object(Symfony\\Component\\Console\\Input\\ArgvInput), Object(Illuminate\\Console\\OutputStyle))
#23 W:\\domains\\jse.kk\\vendor\\symfony\\console\\Application.php(908): Illuminate\\Console\\Command->run(Object(Symfony\\Component\\Console\\Input\\ArgvInput), Object(Symfony\\Component\\Console\\Output\\ConsoleOutput))
#24 W:\\domains\\jse.kk\\vendor\\symfony\\console\\Application.php(269): Symfony\\Component\\Console\\Application->doRunCommand(Object(App\\Console\\Commands\\Mc), Object(Symfony\\Component\\Console\\Input\\ArgvInput), Object(Symfony\\Component\\Console\\Output\\ConsoleOutput))
#25 W:\\domains\\jse.kk\\vendor\\symfony\\console\\Application.php(145): Symfony\\Component\\Console\\Application->doRun(Object(Symfony\\Component\\Console\\Input\\ArgvInput), Object(Symfony\\Component\\Console\\Output\\ConsoleOutput))
#26 W:\\domains\\jse.kk\\vendor\\laravel\\framework\\src\\Illuminate\\Console\\Application.php(90): Symfony\\Component\\Console\\Application->run(Object(Symfony\\Component\\Console\\Input\\ArgvInput), Object(Symfony\\Component\\Console\\Output\\ConsoleOutput))
#27 W:\\domains\\jse.kk\\vendor\\laravel\\framework\\src\\Illuminate\\Foundation\\Console\\Kernel.php(122): Illuminate\\Console\\Application->run(Object(Symfony\\Component\\Console\\Input\\ArgvInput), Object(Symfony\\Component\\Console\\Output\\ConsoleOutput))
#28 W:\\domains\\jse.kk\\artisan(37): Illuminate\\Foundation\\Console\\Kernel->handle(Object(Symfony\\Component\\Console\\Input\\ArgvInput), Object(Symfony\\Component\\Console\\Output\\ConsoleOutput))
#29 {main}
"} 
[2019-05-23 01:08:59] local.ERROR: Undefined variable: assetRow {"exception":"[object] (ErrorException(code: 0): Undefined variable: assetRow at W:\\domains\\jse.kk\\app\\Classes\\Trading\\MacdTradesTrigger.php:63)
[stacktrace]
#0 W:\\domains\\jse.kk\\app\\Classes\\Trading\\MacdTradesTrigger.php(63): Illuminate\\Foundation\\Bootstrap\\HandleExceptions->handleError(8, 'Undefined varia...', 'W:\\\\domains\\\\jse....', 63, Array)
#1 W:\\domains\\jse.kk\\app\\Classes\\Trading\\CandleMaker.php(130): App\\Classes\\Trading\\MacdTradesTrigger->index('2019-05-23 1:09...', 1558573731000)
#2 W:\\domains\\jse.kk\\app\\Classes\\WebSocket\\ConsoleWebSocket.php(32): App\\Classes\\Trading\\CandleMaker->index(7660, '2019-05-23T01:0...', 1, Object(App\\Classes\\Trading\\MacdTradesTrigger), Object(App\\Console\\Commands\\Mc), NULL, Array)
#3 W:\\domains\\jse.kk\\app\\Classes\\WebSocket\\BitmexWsListener.php(38): App\\Classes\\WebSocket\\ConsoleWebSocket::messageParse(Array, Object(App\\Console\\Commands\\Mc), Object(App\\Classes\\Trading\\CandleMaker), Object(App\\Classes\\Trading\\MacdTradesTrigger), NULL, Array)
#4 W:\\domains\\jse.kk\\vendor\\evenement\\evenement\\src\\Evenement\\EventEmitterTrait.php(123): App\\Classes\\WebSocket\\BitmexWsListener::App\\Classes\\WebSocket\\{closure}(Object(Ratchet\\RFC6455\\Messaging\\Message), Object(Ratchet\\Client\\WebSocket))
#5 W:\\domains\\jse.kk\\vendor\atchet\\pawl\\src\\WebSocket.php(72): Ratchet\\Client\\WebSocket->emit('message', Array)
#6 W:\\domains\\jse.kk\\vendor\atchet\fc6455\\src\\Messaging\\MessageBuffer.php(108): Ratchet\\Client\\WebSocket->Ratchet\\Client\\{closure}(Object(Ratchet\\RFC6455\\Messaging\\Message))
#7 W:\\domains\\jse.kk\\vendor\atchet\fc6455\\src\\Messaging\\MessageBuffer.php(60): Ratchet\\RFC6455\\Messaging\\MessageBuffer->processData('\\x81~\\x00\\xB6{\"table\":\"i...')
#8 W:\\domains\\jse.kk\\vendor\\evenement\\evenement\\src\\Evenement\\EventEmitterTrait.php(123): Ratchet\\RFC6455\\Messaging\\MessageBuffer->onData('\\x81~\\x00\\xB6{\"table\":\"i...')
#9 W:\\domains\\jse.kk\\vendor\eact\\stream\\src\\Util.php(71): Evenement\\EventEmitter->emit('data', Array)
#10 W:\\domains\\jse.kk\\vendor\\evenement\\evenement\\src\\Evenement\\EventEmitterTrait.php(123): React\\Stream\\Util::React\\Stream\\{closure}('\\x81~\\x00\\xB6{\"table\":\"i...')
#11 W:\\domains\\jse.kk\\vendor\eact\\stream\\src\\DuplexResourceStream.php(193): Evenement\\EventEmitter->emit('data', Array)
#12 W:\\domains\\jse.kk\\vendor\eact\\event-loop\\src\\StreamSelectLoop.php(244): React\\Stream\\DuplexResourceStream->handleData(Resource id #570)
#13 W:\\domains\\jse.kk\\vendor\eact\\event-loop\\src\\StreamSelectLoop.php(211): React\\EventLoop\\StreamSelectLoop->waitForStreamActivity(NULL)
#14 W:\\domains\\jse.kk\\app\\Classes\\WebSocket\\BitmexWsListener.php(66): React\\EventLoop\\StreamSelectLoop->run()
#15 W:\\domains\\jse.kk\\app\\Console\\Commands\\Mc.php(94): App\\Classes\\WebSocket\\BitmexWsListener::subscribe(Object(Ratchet\\Client\\Connector), Object(React\\EventLoop\\StreamSelectLoop), Object(App\\Console\\Commands\\Mc), Object(App\\Classes\\Trading\\CandleMaker), Object(App\\Classes\\Trading\\MacdTradesTrigger), 'XBTUSD', NULL, Array)
#16 [internal function]: App\\Console\\Commands\\Mc->handle()
#17 W:\\domains\\jse.kk\\vendor\\laravel\\framework\\src\\Illuminate\\Container\\BoundMethod.php(32): call_user_func_array(Array, Array)
#18 W:\\domains\\jse.kk\\vendor\\laravel\\framework\\src\\Illuminate\\Container\\BoundMethod.php(90): Illuminate\\Container\\BoundMethod::Illuminate\\Container\\{closure}()
#19 W:\\domains\\jse.kk\\vendor\\laravel\\framework\\src\\Illuminate\\Container\\BoundMethod.php(34): Illuminate\\Container\\BoundMethod::callBoundMethod(Object(Illuminate\\Foundation\\Application), Array, Object(Closure))
#20 W:\\domains\\jse.kk\\vendor\\laravel\\framework\\src\\Illuminate\\Container\\Container.php(580): Illuminate\\Container\\BoundMethod::call(Object(Illuminate\\Foundation\\Application), Array, Array, NULL)
#21 W:\\domains\\jse.kk\\vendor\\laravel\\framework\\src\\Illuminate\\Console\\Command.php(183): Illuminate\\Container\\Container->call(Array)
#22 W:\\domains\\jse.kk\\vendor\\symfony\\console\\Command\\Command.php(255): Illuminate\\Console\\Command->execute(Object(Symfony\\Component\\Console\\Input\\ArgvInput), Object(Illuminate\\Console\\OutputStyle))
#23 W:\\domains\\jse.kk\\vendor\\laravel\\framework\\src\\Illuminate\\Console\\Command.php(170): Symfony\\Component\\Console\\Command\\Command->run(Object(Symfony\\Component\\Console\\Input\\ArgvInput), Object(Illuminate\\Console\\OutputStyle))
#24 W:\\domains\\jse.kk\\vendor\\symfony\\console\\Application.php(908): Illuminate\\Console\\Command->run(Object(Symfony\\Component\\Console\\Input\\ArgvInput), Object(Symfony\\Component\\Console\\Output\\ConsoleOutput))
#25 W:\\domains\\jse.kk\\vendor\\symfony\\console\\Application.php(269): Symfony\\Component\\Console\\Application->doRunCommand(Object(App\\Console\\Commands\\Mc), Object(Symfony\\Component\\Console\\Input\\ArgvInput), Object(Symfony\\Component\\Console\\Output\\ConsoleOutput))
#26 W:\\domains\\jse.kk\\vendor\\symfony\\console\\Application.php(145): Symfony\\Component\\Console\\Application->doRun(Object(Symfony\\Component\\Console\\Input\\ArgvInput), Object(Symfony\\Component\\Console\\Output\\ConsoleOutput))
#27 W:\\domains\\jse.kk\\vendor\\laravel\\framework\\src\\Illuminate\\Console\\Application.php(90): Symfony\\Component\\Console\\Application->run(Object(Symfony\\Component\\Console\\Input\\ArgvInput), Object(Symfony\\Component\\Console\\Output\\ConsoleOutput))
#28 W:\\domains\\jse.kk\\vendor\\laravel\\framework\\src\\Illuminate\\Foundation\\Console\\Kernel.php(122): Illuminate\\Console\\Application->run(Object(Symfony\\Component\\Console\\Input\\ArgvInput), Object(Symfony\\Component\\Console\\Output\\ConsoleOutput))
#29 W:\\domains\\jse.kk\\artisan(37): Illuminate\\Foundation\\Console\\Kernel->handle(Object(Symfony\\Component\\Console\\Input\\ArgvInput), Object(Symfony\\Component\\Console\\Output\\ConsoleOutput))
#30 {main}
"} 
