[2019-05-17 04:09:06] local.ERROR: Cannot use object of type stdClass as array {"exception":"[object] (Symfony\\Component\\Debug\\Exception\\FatalThrowableError(code: 0): Cannot use object of type stdClass as array at W:\\domains\\jse.kk\\app\\Classes\\Trading\\Chart.php:232)
[stacktrace]
#0 W:\\domains\\jse.kk\\app\\Classes\\Trading\\CandleMaker.php(133): App\\Classes\\Trading\\Chart->index('2019-05-17 4:09...', 1558066106000)
#1 W:\\domains\\jse.kk\\app\\Classes\\WebSocket\\ConsoleWebSocket.php(32): App\\Classes\\Trading\\CandleMaker->index(7427.5, '2019-05-17T04:0...', 1, Object(App\\Classes\\Trading\\Chart), Object(App\\Console\\Commands\\Pc), 1, NULL)
#2 W:\\domains\\jse.kk\\app\\Classes\\WebSocket\\BitmexWsListener.php(38): App\\Classes\\WebSocket\\ConsoleWebSocket::messageParse(Array, Object(App\\Console\\Commands\\Pc), Object(App\\Classes\\Trading\\CandleMaker), Object(App\\Classes\\Trading\\Chart), 1, NULL)
#3 W:\\domains\\jse.kk\\vendor\\evenement\\evenement\\src\\Evenement\\EventEmitterTrait.php(123): App\\Classes\\WebSocket\\BitmexWsListener::App\\Classes\\WebSocket\\{closure}(Object(Ratchet\\RFC6455\\Messaging\\Message), Object(Ratchet\\Client\\WebSocket))
#4 W:\\domains\\jse.kk\\vendor\atchet\\pawl\\src\\WebSocket.php(72): Ratchet\\Client\\WebSocket->emit('message', Array)
#5 W:\\domains\\jse.kk\\vendor\atchet\fc6455\\src\\Messaging\\MessageBuffer.php(108): Ratchet\\Client\\WebSocket->Ratchet\\Client\\{closure}(Object(Ratchet\\RFC6455\\Messaging\\Message))
#6 W:\\domains\\jse.kk\\vendor\atchet\fc6455\\src\\Messaging\\MessageBuffer.php(60): Ratchet\\RFC6455\\Messaging\\MessageBuffer->processData('\\x81~\\x00\\x9E{\"table\":\"i...')
#7 W:\\domains\\jse.kk\\vendor\\evenement\\evenement\\src\\Evenement\\EventEmitterTrait.php(123): Ratchet\\RFC6455\\Messaging\\MessageBuffer->onData('\\x81~\\x00\\x9E{\"table\":\"i...')
#8 W:\\domains\\jse.kk\\vendor\eact\\stream\\src\\Util.php(71): Evenement\\EventEmitter->emit('data', Array)
#9 W:\\domains\\jse.kk\\vendor\\evenement\\evenement\\src\\Evenement\\EventEmitterTrait.php(123): React\\Stream\\Util::React\\Stream\\{closure}('\\x81~\\x00\\x99{\"table\":\"i...')
#10 W:\\domains\\jse.kk\\vendor\eact\\stream\\src\\DuplexResourceStream.php(193): Evenement\\EventEmitter->emit('data', Array)
#11 W:\\domains\\jse.kk\\vendor\eact\\event-loop\\src\\StreamSelectLoop.php(244): React\\Stream\\DuplexResourceStream->handleData(Resource id #569)
#12 W:\\domains\\jse.kk\\vendor\eact\\event-loop\\src\\StreamSelectLoop.php(211): React\\EventLoop\\StreamSelectLoop->waitForStreamActivity(NULL)
#13 W:\\domains\\jse.kk\\app\\Classes\\WebSocket\\BitmexWsListener.php(66): React\\EventLoop\\StreamSelectLoop->run()
#14 W:\\domains\\jse.kk\\app\\Console\\Commands\\Pc.php(99): App\\Classes\\WebSocket\\BitmexWsListener::subscribe(Object(Ratchet\\Client\\Connector), Object(React\\EventLoop\\StreamSelectLoop), Object(App\\Console\\Commands\\Pc), Object(App\\Classes\\Trading\\CandleMaker), Object(App\\Classes\\Trading\\Chart), 'XBTUSD', 1, NULL)
#15 [internal function]: App\\Console\\Commands\\Pc->handle()
#16 W:\\domains\\jse.kk\\vendor\\laravel\\framework\\src\\Illuminate\\Container\\BoundMethod.php(32): call_user_func_array(Array, Array)
#17 W:\\domains\\jse.kk\\vendor\\laravel\\framework\\src\\Illuminate\\Container\\BoundMethod.php(90): Illuminate\\Container\\BoundMethod::Illuminate\\Container\\{closure}()
#18 W:\\domains\\jse.kk\\vendor\\laravel\\framework\\src\\Illuminate\\Container\\BoundMethod.php(34): Illuminate\\Container\\BoundMethod::callBoundMethod(Object(Illuminate\\Foundation\\Application), Array, Object(Closure))
#19 W:\\domains\\jse.kk\\vendor\\laravel\\framework\\src\\Illuminate\\Container\\Container.php(580): Illuminate\\Container\\BoundMethod::call(Object(Illuminate\\Foundation\\Application), Array, Array, NULL)
#20 W:\\domains\\jse.kk\\vendor\\laravel\\framework\\src\\Illuminate\\Console\\Command.php(183): Illuminate\\Container\\Container->call(Array)
#21 W:\\domains\\jse.kk\\vendor\\symfony\\console\\Command\\Command.php(255): Illuminate\\Console\\Command->execute(Object(Symfony\\Component\\Console\\Input\\ArgvInput), Object(Illuminate\\Console\\OutputStyle))
#22 W:\\domains\\jse.kk\\vendor\\laravel\\framework\\src\\Illuminate\\Console\\Command.php(170): Symfony\\Component\\Console\\Command\\Command->run(Object(Symfony\\Component\\Console\\Input\\ArgvInput), Object(Illuminate\\Console\\OutputStyle))
#23 W:\\domains\\jse.kk\\vendor\\symfony\\console\\Application.php(908): Illuminate\\Console\\Command->run(Object(Symfony\\Component\\Console\\Input\\ArgvInput), Object(Symfony\\Component\\Console\\Output\\ConsoleOutput))
#24 W:\\domains\\jse.kk\\vendor\\symfony\\console\\Application.php(269): Symfony\\Component\\Console\\Application->doRunCommand(Object(App\\Console\\Commands\\Pc), Object(Symfony\\Component\\Console\\Input\\ArgvInput), Object(Symfony\\Component\\Console\\Output\\ConsoleOutput))
#25 W:\\domains\\jse.kk\\vendor\\symfony\\console\\Application.php(145): Symfony\\Component\\Console\\Application->doRun(Object(Symfony\\Component\\Console\\Input\\ArgvInput), Object(Symfony\\Component\\Console\\Output\\ConsoleOutput))
#26 W:\\domains\\jse.kk\\vendor\\laravel\\framework\\src\\Illuminate\\Console\\Application.php(90): Symfony\\Component\\Console\\Application->run(Object(Symfony\\Component\\Console\\Input\\ArgvInput), Object(Symfony\\Component\\Console\\Output\\ConsoleOutput))
#27 W:\\domains\\jse.kk\\vendor\\laravel\\framework\\src\\Illuminate\\Foundation\\Console\\Kernel.php(122): Illuminate\\Console\\Application->run(Object(Symfony\\Component\\Console\\Input\\ArgvInput), Object(Symfony\\Component\\Console\\Output\\ConsoleOutput))
#28 W:\\domains\\jse.kk\\artisan(37): Illuminate\\Foundation\\Console\\Kernel->handle(Object(Symfony\\Component\\Console\\Input\\ArgvInput), Object(Symfony\\Component\\Console\\Output\\ConsoleOutput))
#29 {main}
"} 
[2019-05-17 04:11:04] local.ERROR: Cannot use object of type stdClass as array {"exception":"[object] (Symfony\\Component\\Debug\\Exception\\FatalThrowableError(code: 0): Cannot use object of type stdClass as array at W:\\domains\\jse.kk\\app\\Classes\\Trading\\Chart.php:232)
[stacktrace]
#0 W:\\domains\\jse.kk\\app\\Classes\\Trading\\CandleMaker.php(133): App\\Classes\\Trading\\Chart->index('2019-05-17 4:11...', 1558066257000)
#1 W:\\domains\\jse.kk\\app\\Classes\\WebSocket\\ConsoleWebSocket.php(32): App\\Classes\\Trading\\CandleMaker->index(7392.5, '2019-05-17T04:1...', 1, Object(App\\Classes\\Trading\\Chart), Object(App\\Console\\Commands\\Pc), 1, NULL)
#2 W:\\domains\\jse.kk\\app\\Classes\\WebSocket\\BitmexWsListener.php(38): App\\Classes\\WebSocket\\ConsoleWebSocket::messageParse(Array, Object(App\\Console\\Commands\\Pc), Object(App\\Classes\\Trading\\CandleMaker), Object(App\\Classes\\Trading\\Chart), 1, NULL)
#3 W:\\domains\\jse.kk\\vendor\\evenement\\evenement\\src\\Evenement\\EventEmitterTrait.php(123): App\\Classes\\WebSocket\\BitmexWsListener::App\\Classes\\WebSocket\\{closure}(Object(Ratchet\\RFC6455\\Messaging\\Message), Object(Ratchet\\Client\\WebSocket))
#4 W:\\domains\\jse.kk\\vendor\atchet\\pawl\\src\\WebSocket.php(72): Ratchet\\Client\\WebSocket->emit('message', Array)
#5 W:\\domains\\jse.kk\\vendor\atchet\fc6455\\src\\Messaging\\MessageBuffer.php(108): Ratchet\\Client\\WebSocket->Ratchet\\Client\\{closure}(Object(Ratchet\\RFC6455\\Messaging\\Message))
#6 W:\\domains\\jse.kk\\vendor\atchet\fc6455\\src\\Messaging\\MessageBuffer.php(60): Ratchet\\RFC6455\\Messaging\\MessageBuffer->processData('\\x81~\\x00\\xBB{\"table\":\"i...')
#7 W:\\domains\\jse.kk\\vendor\\evenement\\evenement\\src\\Evenement\\EventEmitterTrait.php(123): Ratchet\\RFC6455\\Messaging\\MessageBuffer->onData('\\x81~\\x00\\xBB{\"table\":\"i...')
#8 W:\\domains\\jse.kk\\vendor\eact\\stream\\src\\Util.php(71): Evenement\\EventEmitter->emit('data', Array)
#9 W:\\domains\\jse.kk\\vendor\\evenement\\evenement\\src\\Evenement\\EventEmitterTrait.php(123): React\\Stream\\Util::React\\Stream\\{closure}('\\x81~\\x00\\xBB{\"table\":\"i...')
#10 W:\\domains\\jse.kk\\vendor\eact\\stream\\src\\DuplexResourceStream.php(193): Evenement\\EventEmitter->emit('data', Array)
#11 W:\\domains\\jse.kk\\vendor\eact\\event-loop\\src\\StreamSelectLoop.php(244): React\\Stream\\DuplexResourceStream->handleData(Resource id #569)
#12 W:\\domains\\jse.kk\\vendor\eact\\event-loop\\src\\StreamSelectLoop.php(211): React\\EventLoop\\StreamSelectLoop->waitForStreamActivity(NULL)
#13 W:\\domains\\jse.kk\\app\\Classes\\WebSocket\\BitmexWsListener.php(66): React\\EventLoop\\StreamSelectLoop->run()
#14 W:\\domains\\jse.kk\\app\\Console\\Commands\\Pc.php(99): App\\Classes\\WebSocket\\BitmexWsListener::subscribe(Object(Ratchet\\Client\\Connector), Object(React\\EventLoop\\StreamSelectLoop), Object(App\\Console\\Commands\\Pc), Object(App\\Classes\\Trading\\CandleMaker), Object(App\\Classes\\Trading\\Chart), 'XBTUSD', 1, NULL)
#15 [internal function]: App\\Console\\Commands\\Pc->handle()
#16 W:\\domains\\jse.kk\\vendor\\laravel\\framework\\src\\Illuminate\\Container\\BoundMethod.php(32): call_user_func_array(Array, Array)
#17 W:\\domains\\jse.kk\\vendor\\laravel\\framework\\src\\Illuminate\\Container\\BoundMethod.php(90): Illuminate\\Container\\BoundMethod::Illuminate\\Container\\{closure}()
#18 W:\\domains\\jse.kk\\vendor\\laravel\\framework\\src\\Illuminate\\Container\\BoundMethod.php(34): Illuminate\\Container\\BoundMethod::callBoundMethod(Object(Illuminate\\Foundation\\Application), Array, Object(Closure))
#19 W:\\domains\\jse.kk\\vendor\\laravel\\framework\\src\\Illuminate\\Container\\Container.php(580): Illuminate\\Container\\BoundMethod::call(Object(Illuminate\\Foundation\\Application), Array, Array, NULL)
#20 W:\\domains\\jse.kk\\vendor\\laravel\\framework\\src\\Illuminate\\Console\\Command.php(183): Illuminate\\Container\\Container->call(Array)
#21 W:\\domains\\jse.kk\\vendor\\symfony\\console\\Command\\Command.php(255): Illuminate\\Console\\Command->execute(Object(Symfony\\Component\\Console\\Input\\ArgvInput), Object(Illuminate\\Console\\OutputStyle))
#22 W:\\domains\\jse.kk\\vendor\\laravel\\framework\\src\\Illuminate\\Console\\Command.php(170): Symfony\\Component\\Console\\Command\\Command->run(Object(Symfony\\Component\\Console\\Input\\ArgvInput), Object(Illuminate\\Console\\OutputStyle))
#23 W:\\domains\\jse.kk\\vendor\\symfony\\console\\Application.php(908): Illuminate\\Console\\Command->run(Object(Symfony\\Component\\Console\\Input\\ArgvInput), Object(Symfony\\Component\\Console\\Output\\ConsoleOutput))
#24 W:\\domains\\jse.kk\\vendor\\symfony\\console\\Application.php(269): Symfony\\Component\\Console\\Application->doRunCommand(Object(App\\Console\\Commands\\Pc), Object(Symfony\\Component\\Console\\Input\\ArgvInput), Object(Symfony\\Component\\Console\\Output\\ConsoleOutput))
#25 W:\\domains\\jse.kk\\vendor\\symfony\\console\\Application.php(145): Symfony\\Component\\Console\\Application->doRun(Object(Symfony\\Component\\Console\\Input\\ArgvInput), Object(Symfony\\Component\\Console\\Output\\ConsoleOutput))
#26 W:\\domains\\jse.kk\\vendor\\laravel\\framework\\src\\Illuminate\\Console\\Application.php(90): Symfony\\Component\\Console\\Application->run(Object(Symfony\\Component\\Console\\Input\\ArgvInput), Object(Symfony\\Component\\Console\\Output\\ConsoleOutput))
#27 W:\\domains\\jse.kk\\vendor\\laravel\\framework\\src\\Illuminate\\Foundation\\Console\\Kernel.php(122): Illuminate\\Console\\Application->run(Object(Symfony\\Component\\Console\\Input\\ArgvInput), Object(Symfony\\Component\\Console\\Output\\ConsoleOutput))
#28 W:\\domains\\jse.kk\\artisan(37): Illuminate\\Foundation\\Console\\Kernel->handle(Object(Symfony\\Component\\Console\\Input\\ArgvInput), Object(Symfony\\Component\\Console\\Output\\ConsoleOutput))
#29 {main}
"} 
[2019-05-17 04:13:07] local.ERROR: Argument 3 passed to Lcobucci\JWT\Signer\Hmac::doVerify() must be an instance of Lcobucci\JWT\Signer\Key, null given, called in W:\domains\jse.kk\vendor\lcobucci\jwt\src\Signer\BaseSigner.php on line 42 {"exception":"[object] (Symfony\\Component\\Debug\\Exception\\FatalThrowableError(code: 0): Argument 3 passed to Lcobucci\\JWT\\Signer\\Hmac::doVerify() must be an instance of Lcobucci\\JWT\\Signer\\Key, null given, called in W:\\domains\\jse.kk\\vendor\\lcobucci\\jwt\\src\\Signer\\BaseSigner.php on line 42 at W:\\domains\\jse.kk\\vendor\\lcobucci\\jwt\\src\\Signer\\Hmac.php:29)
[stacktrace]
#0 W:\\domains\\jse.kk\\vendor\\lcobucci\\jwt\\src\\Signer\\BaseSigner.php(42): Lcobucci\\JWT\\Signer\\Hmac->doVerify('\\x02\\xB8\\xEE\\fW\\xF4\\xE3T\\xEB\\x01\\xF4\\xCD\\xAFu\\x12...', 'eyJ0eXAiOiJKV1Q...', NULL)
#1 W:\\domains\\jse.kk\\vendor\\lcobucci\\jwt\\src\\Signature.php(47): Lcobucci\\JWT\\Signer\\BaseSigner->verify('\\x02\\xB8\\xEE\\fW\\xF4\\xE3T\\xEB\\x01\\xF4\\xCD\\xAFu\\x12...', 'eyJ0eXAiOiJKV1Q...', NULL)
#2 W:\\domains\\jse.kk\\vendor\\lcobucci\\jwt\\src\\Token.php(201): Lcobucci\\JWT\\Signature->verify(Object(Lcobucci\\JWT\\Signer\\Hmac\\Sha256), 'eyJ0eXAiOiJKV1Q...', NULL)
#3 W:\\domains\\jse.kk\\vendor\\tymon\\jwt-auth\\src\\Providers\\JWT\\Lcobucci.php(136): Lcobucci\\JWT\\Token->verify(Object(Lcobucci\\JWT\\Signer\\Hmac\\Sha256), NULL)
#4 W:\\domains\\jse.kk\\vendor\\tymon\\jwt-auth\\src\\Manager.php(101): Tymon\\JWTAuth\\Providers\\JWT\\Lcobucci->decode('eyJ0eXAiOiJKV1Q...')
#5 W:\\domains\\jse.kk\\vendor\\tymon\\jwt-auth\\src\\JWT.php(200): Tymon\\JWTAuth\\Manager->decode(Object(Tymon\\JWTAuth\\Token))
#6 W:\\domains\\jse.kk\\vendor\\tymon\\jwt-auth\\src\\JWT.php(136): Tymon\\JWTAuth\\JWT->getPayload()
#7 W:\\domains\\jse.kk\\vendor\\tymon\\jwt-auth\\src\\JWT.php(149): Tymon\\JWTAuth\\JWT->checkOrFail()
#8 W:\\domains\\jse.kk\\vendor\\tymon\\jwt-auth\\src\\JWTGuard.php(79): Tymon\\JWTAuth\\JWT->check(true)
#9 W:\\domains\\jse.kk\\vendor\\laravel\\framework\\src\\Illuminate\\Auth\\AuthManager.php(54): Tymon\\JWTAuth\\JWTGuard->user()
#10 [internal function]: Illuminate\\Auth\\AuthManager->Illuminate\\Auth\\{closure}(NULL)
#11 W:\\domains\\jse.kk\\vendor\\laravel\\framework\\src\\Illuminate\\Auth\\AuthServiceProvider.php(86): call_user_func(Object(Closure), NULL)
#12 [internal function]: Illuminate\\Auth\\AuthServiceProvider->Illuminate\\Auth\\{closure}(NULL)
#13 W:\\domains\\jse.kk\\vendor\\laravel\\framework\\src\\Illuminate\\Http\\Request.php(519): call_user_func(Object(Closure), NULL)
#14 W:\\domains\\jse.kk\\vendor\\laravel\\framework\\src\\Illuminate\\Routing\\Middleware\\ThrottleRequests.php(96): Illuminate\\Http\\Request->user()
#15 W:\\domains\\jse.kk\\vendor\\laravel\\framework\\src\\Illuminate\\Routing\\Middleware\\ThrottleRequests.php(48): Illuminate\\Routing\\Middleware\\ThrottleRequests->resolveRequestSignature(Object(Illuminate\\Http\\Request))
#16 W:\\domains\\jse.kk\\vendor\\laravel\\framework\\src\\Illuminate\\Pipeline\\Pipeline.php(163): Illuminate\\Routing\\Middleware\\ThrottleRequests->handle(Object(Illuminate\\Http\\Request), Object(Closure), '60', '1')
#17 W:\\domains\\jse.kk\\vendor\\laravel\\framework\\src\\Illuminate\\Routing\\Pipeline.php(53): Illuminate\\Pipeline\\Pipeline->Illuminate\\Pipeline\\{closure}(Object(Illuminate\\Http\\Request))
#18 W:\\domains\\jse.kk\\vendor\\laravel\\framework\\src\\Illuminate\\Pipeline\\Pipeline.php(104): Illuminate\\Routing\\Pipeline->Illuminate\\Routing\\{closure}(Object(Illuminate\\Http\\Request))
#19 W:\\domains\\jse.kk\\vendor\\laravel\\framework\\src\\Illuminate\\Routing\\Router.php(682): Illuminate\\Pipeline\\Pipeline->then(Object(Closure))
#20 W:\\domains\\jse.kk\\vendor\\laravel\\framework\\src\\Illuminate\\Routing\\Router.php(657): Illuminate\\Routing\\Router->runRouteWithinStack(Object(Illuminate\\Routing\\Route), Object(Illuminate\\Http\\Request))
#21 W:\\domains\\jse.kk\\vendor\\laravel\\framework\\src\\Illuminate\\Routing\\Router.php(623): Illuminate\\Routing\\Router->runRoute(Object(Illuminate\\Http\\Request), Object(Illuminate\\Routing\\Route))
#22 W:\\domains\\jse.kk\\vendor\\laravel\\framework\\src\\Illuminate\\Routing\\Router.php(612): Illuminate\\Routing\\Router->dispatchToRoute(Object(Illuminate\\Http\\Request))
#23 W:\\domains\\jse.kk\\vendor\\laravel\\framework\\src\\Illuminate\\Foundation\\Http\\Kernel.php(176): Illuminate\\Routing\\Router->dispatch(Object(Illuminate\\Http\\Request))
#24 W:\\domains\\jse.kk\\vendor\\laravel\\framework\\src\\Illuminate\\Routing\\Pipeline.php(30): Illuminate\\Foundation\\Http\\Kernel->Illuminate\\Foundation\\Http\\{closure}(Object(Illuminate\\Http\\Request))
#25 W:\\domains\\jse.kk\\vendor\\barryvdh\\laravel-cors\\src\\HandleCors.php(58): Illuminate\\Routing\\Pipeline->Illuminate\\Routing\\{closure}(Object(Illuminate\\Http\\Request))
#26 W:\\domains\\jse.kk\\vendor\\laravel\\framework\\src\\Illuminate\\Pipeline\\Pipeline.php(163): Barryvdh\\Cors\\HandleCors->handle(Object(Illuminate\\Http\\Request), Object(Closure))
#27 W:\\domains\\jse.kk\\vendor\\laravel\\framework\\src\\Illuminate\\Routing\\Pipeline.php(53): Illuminate\\Pipeline\\Pipeline->Illuminate\\Pipeline\\{closure}(Object(Illuminate\\Http\\Request))
#28 W:\\domains\\jse.kk\\vendor\\fideloper\\proxy\\src\\TrustProxies.php(57): Illuminate\\Routing\\Pipeline->Illuminate\\Routing\\{closure}(Object(Illuminate\\Http\\Request))
#29 W:\\domains\\jse.kk\\vendor\\laravel\\framework\\src\\Illuminate\\Pipeline\\Pipeline.php(163): Fideloper\\Proxy\\TrustProxies->handle(Object(Illuminate\\Http\\Request), Object(Closure))
#30 W:\\domains\\jse.kk\\vendor\\laravel\\framework\\src\\Illuminate\\Routing\\Pipeline.php(53): Illuminate\\Pipeline\\Pipeline->Illuminate\\Pipeline\\{closure}(Object(Illuminate\\Http\\Request))
#31 W:\\domains\\jse.kk\\vendor\\laravel\\framework\\src\\Illuminate\\Foundation\\Http\\Middleware\\TransformsRequest.php(21): Illuminate\\Routing\\Pipeline->Illuminate\\Routing\\{closure}(Object(Illuminate\\Http\\Request))
#32 W:\\domains\\jse.kk\\vendor\\laravel\\framework\\src\\Illuminate\\Pipeline\\Pipeline.php(163): Illuminate\\Foundation\\Http\\Middleware\\TransformsRequest->handle(Object(Illuminate\\Http\\Request), Object(Closure))
#33 W:\\domains\\jse.kk\\vendor\\laravel\\framework\\src\\Illuminate\\Routing\\Pipeline.php(53): Illuminate\\Pipeline\\Pipeline->Illuminate\\Pipeline\\{closure}(Object(Illuminate\\Http\\Request))
#34 W:\\domains\\jse.kk\\vendor\\laravel\\framework\\src\\Illuminate\\Foundation\\Http\\Middleware\\TransformsRequest.php(21): Illuminate\\Routing\\Pipeline->Illuminate\\Routing\\{closure}(Object(Illuminate\\Http\\Request))
#35 W:\\domains\\jse.kk\\vendor\\laravel\\framework\\src\\Illuminate\\Pipeline\\Pipeline.php(163): Illuminate\\Foundation\\Http\\Middleware\\TransformsRequest->handle(Object(Illuminate\\Http\\Request), Object(Closure))
#36 W:\\domains\\jse.kk\\vendor\\laravel\\framework\\src\\Illuminate\\Routing\\Pipeline.php(53): Illuminate\\Pipeline\\Pipeline->Illuminate\\Pipeline\\{closure}(Object(Illuminate\\Http\\Request))
#37 W:\\domains\\jse.kk\\vendor\\laravel\\framework\\src\\Illuminate\\Foundation\\Http\\Middleware\\ValidatePostSize.php(27): Illuminate\\Routing\\Pipeline->Illuminate\\Routing\\{closure}(Object(Illuminate\\Http\\Request))
#38 W:\\domains\\jse.kk\\vendor\\laravel\\framework\\src\\Illuminate\\Pipeline\\Pipeline.php(163): Illuminate\\Foundation\\Http\\Middleware\\ValidatePostSize->handle(Object(Illuminate\\Http\\Request), Object(Closure))
#39 W:\\domains\\jse.kk\\vendor\\laravel\\framework\\src\\Illuminate\\Routing\\Pipeline.php(53): Illuminate\\Pipeline\\Pipeline->Illuminate\\Pipeline\\{closure}(Object(Illuminate\\Http\\Request))
#40 W:\\domains\\jse.kk\\vendor\\laravel\\framework\\src\\Illuminate\\Foundation\\Http\\Middleware\\CheckForMaintenanceMode.php(62): Illuminate\\Routing\\Pipeline->Illuminate\\Routing\\{closure}(Object(Illuminate\\Http\\Request))
#41 W:\\domains\\jse.kk\\vendor\\laravel\\framework\\src\\Illuminate\\Pipeline\\Pipeline.php(163): Illuminate\\Foundation\\Http\\Middleware\\CheckForMaintenanceMode->handle(Object(Illuminate\\Http\\Request), Object(Closure))
#42 W:\\domains\\jse.kk\\vendor\\laravel\\framework\\src\\Illuminate\\Routing\\Pipeline.php(53): Illuminate\\Pipeline\\Pipeline->Illuminate\\Pipeline\\{closure}(Object(Illuminate\\Http\\Request))
#43 W:\\domains\\jse.kk\\vendor\\laravel\\framework\\src\\Illuminate\\Pipeline\\Pipeline.php(104): Illuminate\\Routing\\Pipeline->Illuminate\\Routing\\{closure}(Object(Illuminate\\Http\\Request))
#44 W:\\domains\\jse.kk\\vendor\\laravel\\framework\\src\\Illuminate\\Foundation\\Http\\Kernel.php(151): Illuminate\\Pipeline\\Pipeline->then(Object(Closure))
#45 W:\\domains\\jse.kk\\vendor\\laravel\\framework\\src\\Illuminate\\Foundation\\Http\\Kernel.php(116): Illuminate\\Foundation\\Http\\Kernel->sendRequestThroughRouter(Object(Illuminate\\Http\\Request))
#46 W:\\domains\\jse.kk\\public\\index.php(55): Illuminate\\Foundation\\Http\\Kernel->handle(Object(Illuminate\\Http\\Request))
#47 {main}
"} 
[2019-05-17 04:16:07] local.ERROR: Argument 3 passed to Lcobucci\JWT\Signer\Hmac::doVerify() must be an instance of Lcobucci\JWT\Signer\Key, null given, called in W:\domains\jse.kk\vendor\lcobucci\jwt\src\Signer\BaseSigner.php on line 42 {"exception":"[object] (Symfony\\Component\\Debug\\Exception\\FatalThrowableError(code: 0): Argument 3 passed to Lcobucci\\JWT\\Signer\\Hmac::doVerify() must be an instance of Lcobucci\\JWT\\Signer\\Key, null given, called in W:\\domains\\jse.kk\\vendor\\lcobucci\\jwt\\src\\Signer\\BaseSigner.php on line 42 at W:\\domains\\jse.kk\\vendor\\lcobucci\\jwt\\src\\Signer\\Hmac.php:29)
[stacktrace]
#0 W:\\domains\\jse.kk\\vendor\\lcobucci\\jwt\\src\\Signer\\BaseSigner.php(42): Lcobucci\\JWT\\Signer\\Hmac->doVerify('\\x02\\xB8\\xEE\\fW\\xF4\\xE3T\\xEB\\x01\\xF4\\xCD\\xAFu\\x12...', 'eyJ0eXAiOiJKV1Q...', NULL)
#1 W:\\domains\\jse.kk\\vendor\\lcobucci\\jwt\\src\\Signature.php(47): Lcobucci\\JWT\\Signer\\BaseSigner->verify('\\x02\\xB8\\xEE\\fW\\xF4\\xE3T\\xEB\\x01\\xF4\\xCD\\xAFu\\x12...', 'eyJ0eXAiOiJKV1Q...', NULL)
#2 W:\\domains\\jse.kk\\vendor\\lcobucci\\jwt\\src\\Token.php(201): Lcobucci\\JWT\\Signature->verify(Object(Lcobucci\\JWT\\Signer\\Hmac\\Sha256), 'eyJ0eXAiOiJKV1Q...', NULL)
#3 W:\\domains\\jse.kk\\vendor\\tymon\\jwt-auth\\src\\Providers\\JWT\\Lcobucci.php(136): Lcobucci\\JWT\\Token->verify(Object(Lcobucci\\JWT\\Signer\\Hmac\\Sha256), NULL)
#4 W:\\domains\\jse.kk\\vendor\\tymon\\jwt-auth\\src\\Manager.php(101): Tymon\\JWTAuth\\Providers\\JWT\\Lcobucci->decode('eyJ0eXAiOiJKV1Q...')
#5 W:\\domains\\jse.kk\\vendor\\tymon\\jwt-auth\\src\\JWT.php(200): Tymon\\JWTAuth\\Manager->decode(Object(Tymon\\JWTAuth\\Token))
#6 W:\\domains\\jse.kk\\vendor\\tymon\\jwt-auth\\src\\JWT.php(136): Tymon\\JWTAuth\\JWT->getPayload()
#7 W:\\domains\\jse.kk\\vendor\\tymon\\jwt-auth\\src\\JWT.php(149): Tymon\\JWTAuth\\JWT->checkOrFail()
#8 W:\\domains\\jse.kk\\vendor\\tymon\\jwt-auth\\src\\JWTGuard.php(79): Tymon\\JWTAuth\\JWT->check(true)
#9 W:\\domains\\jse.kk\\vendor\\laravel\\framework\\src\\Illuminate\\Auth\\AuthManager.php(54): Tymon\\JWTAuth\\JWTGuard->user()
#10 [internal function]: Illuminate\\Auth\\AuthManager->Illuminate\\Auth\\{closure}(NULL)
#11 W:\\domains\\jse.kk\\vendor\\laravel\\framework\\src\\Illuminate\\Auth\\AuthServiceProvider.php(86): call_user_func(Object(Closure), NULL)
#12 [internal function]: Illuminate\\Auth\\AuthServiceProvider->Illuminate\\Auth\\{closure}(NULL)
#13 W:\\domains\\jse.kk\\vendor\\laravel\\framework\\src\\Illuminate\\Http\\Request.php(519): call_user_func(Object(Closure), NULL)
#14 W:\\domains\\jse.kk\\vendor\\laravel\\framework\\src\\Illuminate\\Routing\\Middleware\\ThrottleRequests.php(96): Illuminate\\Http\\Request->user()
#15 W:\\domains\\jse.kk\\vendor\\laravel\\framework\\src\\Illuminate\\Routing\\Middleware\\ThrottleRequests.php(48): Illuminate\\Routing\\Middleware\\ThrottleRequests->resolveRequestSignature(Object(Illuminate\\Http\\Request))
#16 W:\\domains\\jse.kk\\vendor\\laravel\\framework\\src\\Illuminate\\Pipeline\\Pipeline.php(163): Illuminate\\Routing\\Middleware\\ThrottleRequests->handle(Object(Illuminate\\Http\\Request), Object(Closure), '60', '1')
#17 W:\\domains\\jse.kk\\vendor\\laravel\\framework\\src\\Illuminate\\Routing\\Pipeline.php(53): Illuminate\\Pipeline\\Pipeline->Illuminate\\Pipeline\\{closure}(Object(Illuminate\\Http\\Request))
#18 W:\\domains\\jse.kk\\vendor\\laravel\\framework\\src\\Illuminate\\Pipeline\\Pipeline.php(104): Illuminate\\Routing\\Pipeline->Illuminate\\Routing\\{closure}(Object(Illuminate\\Http\\Request))
#19 W:\\domains\\jse.kk\\vendor\\laravel\\framework\\src\\Illuminate\\Routing\\Router.php(682): Illuminate\\Pipeline\\Pipeline->then(Object(Closure))
#20 W:\\domains\\jse.kk\\vendor\\laravel\\framework\\src\\Illuminate\\Routing\\Router.php(657): Illuminate\\Routing\\Router->runRouteWithinStack(Object(Illuminate\\Routing\\Route), Object(Illuminate\\Http\\Request))
#21 W:\\domains\\jse.kk\\vendor\\laravel\\framework\\src\\Illuminate\\Routing\\Router.php(623): Illuminate\\Routing\\Router->runRoute(Object(Illuminate\\Http\\Request), Object(Illuminate\\Routing\\Route))
#22 W:\\domains\\jse.kk\\vendor\\laravel\\framework\\src\\Illuminate\\Routing\\Router.php(612): Illuminate\\Routing\\Router->dispatchToRoute(Object(Illuminate\\Http\\Request))
#23 W:\\domains\\jse.kk\\vendor\\laravel\\framework\\src\\Illuminate\\Foundation\\Http\\Kernel.php(176): Illuminate\\Routing\\Router->dispatch(Object(Illuminate\\Http\\Request))
#24 W:\\domains\\jse.kk\\vendor\\laravel\\framework\\src\\Illuminate\\Routing\\Pipeline.php(30): Illuminate\\Foundation\\Http\\Kernel->Illuminate\\Foundation\\Http\\{closure}(Object(Illuminate\\Http\\Request))
#25 W:\\domains\\jse.kk\\vendor\\barryvdh\\laravel-cors\\src\\HandleCors.php(58): Illuminate\\Routing\\Pipeline->Illuminate\\Routing\\{closure}(Object(Illuminate\\Http\\Request))
#26 W:\\domains\\jse.kk\\vendor\\laravel\\framework\\src\\Illuminate\\Pipeline\\Pipeline.php(163): Barryvdh\\Cors\\HandleCors->handle(Object(Illuminate\\Http\\Request), Object(Closure))
#27 W:\\domains\\jse.kk\\vendor\\laravel\\framework\\src\\Illuminate\\Routing\\Pipeline.php(53): Illuminate\\Pipeline\\Pipeline->Illuminate\\Pipeline\\{closure}(Object(Illuminate\\Http\\Request))
#28 W:\\domains\\jse.kk\\vendor\\fideloper\\proxy\\src\\TrustProxies.php(57): Illuminate\\Routing\\Pipeline->Illuminate\\Routing\\{closure}(Object(Illuminate\\Http\\Request))
#29 W:\\domains\\jse.kk\\vendor\\laravel\\framework\\src\\Illuminate\\Pipeline\\Pipeline.php(163): Fideloper\\Proxy\\TrustProxies->handle(Object(Illuminate\\Http\\Request), Object(Closure))
#30 W:\\domains\\jse.kk\\vendor\\laravel\\framework\\src\\Illuminate\\Routing\\Pipeline.php(53): Illuminate\\Pipeline\\Pipeline->Illuminate\\Pipeline\\{closure}(Object(Illuminate\\Http\\Request))
#31 W:\\domains\\jse.kk\\vendor\\laravel\\framework\\src\\Illuminate\\Foundation\\Http\\Middleware\\TransformsRequest.php(21): Illuminate\\Routing\\Pipeline->Illuminate\\Routing\\{closure}(Object(Illuminate\\Http\\Request))
#32 W:\\domains\\jse.kk\\vendor\\laravel\\framework\\src\\Illuminate\\Pipeline\\Pipeline.php(163): Illuminate\\Foundation\\Http\\Middleware\\TransformsRequest->handle(Object(Illuminate\\Http\\Request), Object(Closure))
#33 W:\\domains\\jse.kk\\vendor\\laravel\\framework\\src\\Illuminate\\Routing\\Pipeline.php(53): Illuminate\\Pipeline\\Pipeline->Illuminate\\Pipeline\\{closure}(Object(Illuminate\\Http\\Request))
#34 W:\\domains\\jse.kk\\vendor\\laravel\\framework\\src\\Illuminate\\Foundation\\Http\\Middleware\\TransformsRequest.php(21): Illuminate\\Routing\\Pipeline->Illuminate\\Routing\\{closure}(Object(Illuminate\\Http\\Request))
#35 W:\\domains\\jse.kk\\vendor\\laravel\\framework\\src\\Illuminate\\Pipeline\\Pipeline.php(163): Illuminate\\Foundation\\Http\\Middleware\\TransformsRequest->handle(Object(Illuminate\\Http\\Request), Object(Closure))
#36 W:\\domains\\jse.kk\\vendor\\laravel\\framework\\src\\Illuminate\\Routing\\Pipeline.php(53): Illuminate\\Pipeline\\Pipeline->Illuminate\\Pipeline\\{closure}(Object(Illuminate\\Http\\Request))
#37 W:\\domains\\jse.kk\\vendor\\laravel\\framework\\src\\Illuminate\\Foundation\\Http\\Middleware\\ValidatePostSize.php(27): Illuminate\\Routing\\Pipeline->Illuminate\\Routing\\{closure}(Object(Illuminate\\Http\\Request))
#38 W:\\domains\\jse.kk\\vendor\\laravel\\framework\\src\\Illuminate\\Pipeline\\Pipeline.php(163): Illuminate\\Foundation\\Http\\Middleware\\ValidatePostSize->handle(Object(Illuminate\\Http\\Request), Object(Closure))
#39 W:\\domains\\jse.kk\\vendor\\laravel\\framework\\src\\Illuminate\\Routing\\Pipeline.php(53): Illuminate\\Pipeline\\Pipeline->Illuminate\\Pipeline\\{closure}(Object(Illuminate\\Http\\Request))
#40 W:\\domains\\jse.kk\\vendor\\laravel\\framework\\src\\Illuminate\\Foundation\\Http\\Middleware\\CheckForMaintenanceMode.php(62): Illuminate\\Routing\\Pipeline->Illuminate\\Routing\\{closure}(Object(Illuminate\\Http\\Request))
#41 W:\\domains\\jse.kk\\vendor\\laravel\\framework\\src\\Illuminate\\Pipeline\\Pipeline.php(163): Illuminate\\Foundation\\Http\\Middleware\\CheckForMaintenanceMode->handle(Object(Illuminate\\Http\\Request), Object(Closure))
#42 W:\\domains\\jse.kk\\vendor\\laravel\\framework\\src\\Illuminate\\Routing\\Pipeline.php(53): Illuminate\\Pipeline\\Pipeline->Illuminate\\Pipeline\\{closure}(Object(Illuminate\\Http\\Request))
#43 W:\\domains\\jse.kk\\vendor\\laravel\\framework\\src\\Illuminate\\Pipeline\\Pipeline.php(104): Illuminate\\Routing\\Pipeline->Illuminate\\Routing\\{closure}(Object(Illuminate\\Http\\Request))
#44 W:\\domains\\jse.kk\\vendor\\laravel\\framework\\src\\Illuminate\\Foundation\\Http\\Kernel.php(151): Illuminate\\Pipeline\\Pipeline->then(Object(Closure))
#45 W:\\domains\\jse.kk\\vendor\\laravel\\framework\\src\\Illuminate\\Foundation\\Http\\Kernel.php(116): Illuminate\\Foundation\\Http\\Kernel->sendRequestThroughRouter(Object(Illuminate\\Http\\Request))
#46 W:\\domains\\jse.kk\\public\\index.php(55): Illuminate\\Foundation\\Http\\Kernel->handle(Object(Illuminate\\Http\\Request))
#47 {main}
"} 
[2019-05-17 04:40:20] local.ERROR: Argument 3 passed to Lcobucci\JWT\Signer\Hmac::doVerify() must be an instance of Lcobucci\JWT\Signer\Key, null given, called in W:\domains\jse.kk\vendor\lcobucci\jwt\src\Signer\BaseSigner.php on line 42 {"exception":"[object] (Symfony\\Component\\Debug\\Exception\\FatalThrowableError(code: 0): Argument 3 passed to Lcobucci\\JWT\\Signer\\Hmac::doVerify() must be an instance of Lcobucci\\JWT\\Signer\\Key, null given, called in W:\\domains\\jse.kk\\vendor\\lcobucci\\jwt\\src\\Signer\\BaseSigner.php on line 42 at W:\\domains\\jse.kk\\vendor\\lcobucci\\jwt\\src\\Signer\\Hmac.php:29)
[stacktrace]
#0 W:\\domains\\jse.kk\\vendor\\lcobucci\\jwt\\src\\Signer\\BaseSigner.php(42): Lcobucci\\JWT\\Signer\\Hmac->doVerify('\\x02\\xB8\\xEE\\fW\\xF4\\xE3T\\xEB\\x01\\xF4\\xCD\\xAFu\\x12...', 'eyJ0eXAiOiJKV1Q...', NULL)
#1 W:\\domains\\jse.kk\\vendor\\lcobucci\\jwt\\src\\Signature.php(47): Lcobucci\\JWT\\Signer\\BaseSigner->verify('\\x02\\xB8\\xEE\\fW\\xF4\\xE3T\\xEB\\x01\\xF4\\xCD\\xAFu\\x12...', 'eyJ0eXAiOiJKV1Q...', NULL)
#2 W:\\domains\\jse.kk\\vendor\\lcobucci\\jwt\\src\\Token.php(201): Lcobucci\\JWT\\Signature->verify(Object(Lcobucci\\JWT\\Signer\\Hmac\\Sha256), 'eyJ0eXAiOiJKV1Q...', NULL)
#3 W:\\domains\\jse.kk\\vendor\\tymon\\jwt-auth\\src\\Providers\\JWT\\Lcobucci.php(136): Lcobucci\\JWT\\Token->verify(Object(Lcobucci\\JWT\\Signer\\Hmac\\Sha256), NULL)
#4 W:\\domains\\jse.kk\\vendor\\tymon\\jwt-auth\\src\\Manager.php(101): Tymon\\JWTAuth\\Providers\\JWT\\Lcobucci->decode('eyJ0eXAiOiJKV1Q...')
#5 W:\\domains\\jse.kk\\vendor\\tymon\\jwt-auth\\src\\JWT.php(200): Tymon\\JWTAuth\\Manager->decode(Object(Tymon\\JWTAuth\\Token))
#6 W:\\domains\\jse.kk\\vendor\\tymon\\jwt-auth\\src\\JWT.php(136): Tymon\\JWTAuth\\JWT->getPayload()
#7 W:\\domains\\jse.kk\\vendor\\tymon\\jwt-auth\\src\\JWT.php(149): Tymon\\JWTAuth\\JWT->checkOrFail()
#8 W:\\domains\\jse.kk\\vendor\\tymon\\jwt-auth\\src\\JWTGuard.php(79): Tymon\\JWTAuth\\JWT->check(true)
#9 W:\\domains\\jse.kk\\vendor\\laravel\\framework\\src\\Illuminate\\Auth\\AuthManager.php(54): Tymon\\JWTAuth\\JWTGuard->user()
#10 [internal function]: Illuminate\\Auth\\AuthManager->Illuminate\\Auth\\{closure}(NULL)
#11 W:\\domains\\jse.kk\\vendor\\laravel\\framework\\src\\Illuminate\\Auth\\AuthServiceProvider.php(86): call_user_func(Object(Closure), NULL)
#12 [internal function]: Illuminate\\Auth\\AuthServiceProvider->Illuminate\\Auth\\{closure}(NULL)
#13 W:\\domains\\jse.kk\\vendor\\laravel\\framework\\src\\Illuminate\\Http\\Request.php(519): call_user_func(Object(Closure), NULL)
#14 W:\\domains\\jse.kk\\vendor\\laravel\\framework\\src\\Illuminate\\Routing\\Middleware\\ThrottleRequests.php(96): Illuminate\\Http\\Request->user()
#15 W:\\domains\\jse.kk\\vendor\\laravel\\framework\\src\\Illuminate\\Routing\\Middleware\\ThrottleRequests.php(48): Illuminate\\Routing\\Middleware\\ThrottleRequests->resolveRequestSignature(Object(Illuminate\\Http\\Request))
#16 W:\\domains\\jse.kk\\vendor\\laravel\\framework\\src\\Illuminate\\Pipeline\\Pipeline.php(163): Illuminate\\Routing\\Middleware\\ThrottleRequests->handle(Object(Illuminate\\Http\\Request), Object(Closure), '60', '1')
#17 W:\\domains\\jse.kk\\vendor\\laravel\\framework\\src\\Illuminate\\Routing\\Pipeline.php(53): Illuminate\\Pipeline\\Pipeline->Illuminate\\Pipeline\\{closure}(Object(Illuminate\\Http\\Request))
#18 W:\\domains\\jse.kk\\vendor\\laravel\\framework\\src\\Illuminate\\Pipeline\\Pipeline.php(104): Illuminate\\Routing\\Pipeline->Illuminate\\Routing\\{closure}(Object(Illuminate\\Http\\Request))
#19 W:\\domains\\jse.kk\\vendor\\laravel\\framework\\src\\Illuminate\\Routing\\Router.php(682): Illuminate\\Pipeline\\Pipeline->then(Object(Closure))
#20 W:\\domains\\jse.kk\\vendor\\laravel\\framework\\src\\Illuminate\\Routing\\Router.php(657): Illuminate\\Routing\\Router->runRouteWithinStack(Object(Illuminate\\Routing\\Route), Object(Illuminate\\Http\\Request))
#21 W:\\domains\\jse.kk\\vendor\\laravel\\framework\\src\\Illuminate\\Routing\\Router.php(623): Illuminate\\Routing\\Router->runRoute(Object(Illuminate\\Http\\Request), Object(Illuminate\\Routing\\Route))
#22 W:\\domains\\jse.kk\\vendor\\laravel\\framework\\src\\Illuminate\\Routing\\Router.php(612): Illuminate\\Routing\\Router->dispatchToRoute(Object(Illuminate\\Http\\Request))
#23 W:\\domains\\jse.kk\\vendor\\laravel\\framework\\src\\Illuminate\\Foundation\\Http\\Kernel.php(176): Illuminate\\Routing\\Router->dispatch(Object(Illuminate\\Http\\Request))
#24 W:\\domains\\jse.kk\\vendor\\laravel\\framework\\src\\Illuminate\\Routing\\Pipeline.php(30): Illuminate\\Foundation\\Http\\Kernel->Illuminate\\Foundation\\Http\\{closure}(Object(Illuminate\\Http\\Request))
#25 W:\\domains\\jse.kk\\vendor\\barryvdh\\laravel-cors\\src\\HandleCors.php(58): Illuminate\\Routing\\Pipeline->Illuminate\\Routing\\{closure}(Object(Illuminate\\Http\\Request))
#26 W:\\domains\\jse.kk\\vendor\\laravel\\framework\\src\\Illuminate\\Pipeline\\Pipeline.php(163): Barryvdh\\Cors\\HandleCors->handle(Object(Illuminate\\Http\\Request), Object(Closure))
#27 W:\\domains\\jse.kk\\vendor\\laravel\\framework\\src\\Illuminate\\Routing\\Pipeline.php(53): Illuminate\\Pipeline\\Pipeline->Illuminate\\Pipeline\\{closure}(Object(Illuminate\\Http\\Request))
#28 W:\\domains\\jse.kk\\vendor\\fideloper\\proxy\\src\\TrustProxies.php(57): Illuminate\\Routing\\Pipeline->Illuminate\\Routing\\{closure}(Object(Illuminate\\Http\\Request))
#29 W:\\domains\\jse.kk\\vendor\\laravel\\framework\\src\\Illuminate\\Pipeline\\Pipeline.php(163): Fideloper\\Proxy\\TrustProxies->handle(Object(Illuminate\\Http\\Request), Object(Closure))
#30 W:\\domains\\jse.kk\\vendor\\laravel\\framework\\src\\Illuminate\\Routing\\Pipeline.php(53): Illuminate\\Pipeline\\Pipeline->Illuminate\\Pipeline\\{closure}(Object(Illuminate\\Http\\Request))
#31 W:\\domains\\jse.kk\\vendor\\laravel\\framework\\src\\Illuminate\\Foundation\\Http\\Middleware\\TransformsRequest.php(21): Illuminate\\Routing\\Pipeline->Illuminate\\Routing\\{closure}(Object(Illuminate\\Http\\Request))
#32 W:\\domains\\jse.kk\\vendor\\laravel\\framework\\src\\Illuminate\\Pipeline\\Pipeline.php(163): Illuminate\\Foundation\\Http\\Middleware\\TransformsRequest->handle(Object(Illuminate\\Http\\Request), Object(Closure))
#33 W:\\domains\\jse.kk\\vendor\\laravel\\framework\\src\\Illuminate\\Routing\\Pipeline.php(53): Illuminate\\Pipeline\\Pipeline->Illuminate\\Pipeline\\{closure}(Object(Illuminate\\Http\\Request))
#34 W:\\domains\\jse.kk\\vendor\\laravel\\framework\\src\\Illuminate\\Foundation\\Http\\Middleware\\TransformsRequest.php(21): Illuminate\\Routing\\Pipeline->Illuminate\\Routing\\{closure}(Object(Illuminate\\Http\\Request))
#35 W:\\domains\\jse.kk\\vendor\\laravel\\framework\\src\\Illuminate\\Pipeline\\Pipeline.php(163): Illuminate\\Foundation\\Http\\Middleware\\TransformsRequest->handle(Object(Illuminate\\Http\\Request), Object(Closure))
#36 W:\\domains\\jse.kk\\vendor\\laravel\\framework\\src\\Illuminate\\Routing\\Pipeline.php(53): Illuminate\\Pipeline\\Pipeline->Illuminate\\Pipeline\\{closure}(Object(Illuminate\\Http\\Request))
#37 W:\\domains\\jse.kk\\vendor\\laravel\\framework\\src\\Illuminate\\Foundation\\Http\\Middleware\\ValidatePostSize.php(27): Illuminate\\Routing\\Pipeline->Illuminate\\Routing\\{closure}(Object(Illuminate\\Http\\Request))
#38 W:\\domains\\jse.kk\\vendor\\laravel\\framework\\src\\Illuminate\\Pipeline\\Pipeline.php(163): Illuminate\\Foundation\\Http\\Middleware\\ValidatePostSize->handle(Object(Illuminate\\Http\\Request), Object(Closure))
#39 W:\\domains\\jse.kk\\vendor\\laravel\\framework\\src\\Illuminate\\Routing\\Pipeline.php(53): Illuminate\\Pipeline\\Pipeline->Illuminate\\Pipeline\\{closure}(Object(Illuminate\\Http\\Request))
#40 W:\\domains\\jse.kk\\vendor\\laravel\\framework\\src\\Illuminate\\Foundation\\Http\\Middleware\\CheckForMaintenanceMode.php(62): Illuminate\\Routing\\Pipeline->Illuminate\\Routing\\{closure}(Object(Illuminate\\Http\\Request))
#41 W:\\domains\\jse.kk\\vendor\\laravel\\framework\\src\\Illuminate\\Pipeline\\Pipeline.php(163): Illuminate\\Foundation\\Http\\Middleware\\CheckForMaintenanceMode->handle(Object(Illuminate\\Http\\Request), Object(Closure))
#42 W:\\domains\\jse.kk\\vendor\\laravel\\framework\\src\\Illuminate\\Routing\\Pipeline.php(53): Illuminate\\Pipeline\\Pipeline->Illuminate\\Pipeline\\{closure}(Object(Illuminate\\Http\\Request))
#43 W:\\domains\\jse.kk\\vendor\\laravel\\framework\\src\\Illuminate\\Pipeline\\Pipeline.php(104): Illuminate\\Routing\\Pipeline->Illuminate\\Routing\\{closure}(Object(Illuminate\\Http\\Request))
#44 W:\\domains\\jse.kk\\vendor\\laravel\\framework\\src\\Illuminate\\Foundation\\Http\\Kernel.php(151): Illuminate\\Pipeline\\Pipeline->then(Object(Closure))
#45 W:\\domains\\jse.kk\\vendor\\laravel\\framework\\src\\Illuminate\\Foundation\\Http\\Kernel.php(116): Illuminate\\Foundation\\Http\\Kernel->sendRequestThroughRouter(Object(Illuminate\\Http\\Request))
#46 W:\\domains\\jse.kk\\public\\index.php(55): Illuminate\\Foundation\\Http\\Kernel->handle(Object(Illuminate\\Http\\Request))
#47 {main}
"} 
